#
# A fatal error has been detected by the Java Runtime Environment:
#
#  SIGSEGV (0xb) at pc=0x00000000, pid=9428, tid=3077809856
#
# JRE version: 7.0_09
# Java VM: OpenJDK Client VM (23.2-b09 mixed mode linux-x86 )
# Problematic frame:
# C  0x00000000
#
# Failed to write core dump. Core dumps have been disabled. To enable core dumping, try "ulimit -c unlimited" before starting Java again
#
# If you would like to submit a bug report, please include
# instructions on how to reproduce the bug and visit:
#   http://icedtea.classpath.org/bugzilla
# The crash happened outside the Java Virtual Machine in native code.
# See problematic frame for where to report the bug.
#

---------------  T H R E A D  ---------------

Current thread (0x08d4ac00):  JavaThread "main" [_thread_in_native, id=9428, stack(0xbfa4e000,0xbfa9e000)]

siginfo:si_signo=SIGSEGV: si_errno=0, si_code=1 (SEGV_MAPERR), si_addr=0x00000000

Registers:
EAX=0x726f5798, EBX=0x72664abc, ECX=0x00000019, EDX=0xbfa9b994
ESP=0xbfa9941c, EBP=0x00000003, ESI=0x724df000, EDI=0x000000a3
EIP=0x00000000, EFLAGS=0x00210292, CR2=0x00000000

Top of Stack: (sp=0xbfa9941c)
0xbfa9941c:   704d9bfd 726f5798 05265c00 704d9a72
0xbfa9942c:   4bf49fc4 724df000 704d9bdd 4bf49fc4
0xbfa9943c:   4bf37e82 00000003 bfa9b994 08de84e0
0xbfa9944c:   4c0fe3e0 0000005b 0000006e 00000077
0xbfa9945c:   0000001e 00000ce8 00000194 4bf37e0d
0xbfa9946c:   4bf49fc4 00000002 00000008 09cc8e78
0xbfa9947c:   4bf37f70 bfa9b994 08de84e0 00000000
0xbfa9948c:   00000000 00000000 00000003 bfa9b994 

Instructions: (pc=0x00000000)
0xffffffe0:   

Register to memory mapping:

EAX=0x726f5798: <offset 0x24f5798> in /usr/lib/xulrunner-last/libxul.so at 0x70200000
EBX=0x72664abc: <offset 0x2464abc> in /usr/lib/xulrunner-last/libxul.so at 0x70200000
ECX=0x00000019 is an unknown value
EDX=0xbfa9b994 is pointing into the stack for thread: 0x08d4ac00
ESP=0xbfa9941c is pointing into the stack for thread: 0x08d4ac00
EBP=0x00000003 is an unknown value
ESI=0x724df000: <offset 0x22df000> in /usr/lib/xulrunner-last/libxul.so at 0x70200000
EDI=0x000000a3 is an unknown value


Stack: [0xbfa4e000,0xbfa9e000],  sp=0xbfa9941c,  free space=301k
Java frames: (J=compiled Java code, j=interpreted, Vv=VM code)
j  java.lang.ClassLoader$NativeLibrary.load(Ljava/lang/String;)V+0
j  java.lang.ClassLoader.loadLibrary1(Ljava/lang/Class;Ljava/io/File;)Z+302
j  java.lang.ClassLoader.loadLibrary0(Ljava/lang/Class;Ljava/io/File;)Z+2
j  java.lang.ClassLoader.loadLibrary(Ljava/lang/Class;Ljava/lang/String;Z)V+48
j  java.lang.Runtime.load0(Ljava/lang/Class;Ljava/lang/String;)V+57
j  java.lang.System.load(Ljava/lang/String;)V+7
j  org.eclipse.swt.internal.Library.load(Ljava/lang/String;Ljava/lang/StringBuffer;)Z+12
j  org.eclipse.swt.internal.Library.loadLibrary(Ljava/lang/String;Z)V+641
j  org.eclipse.swt.internal.Library.loadLibrary(Ljava/lang/String;)V+2
j  org.eclipse.swt.browser.Mozilla.initMozilla(Ljava/lang/String;)Ljava/lang/String;+122
j  org.eclipse.swt.browser.Mozilla.create(Lorg/eclipse/swt/widgets/Composite;I)Z+521
j  org.eclipse.swt.browser.Browser.<init>(Lorg/eclipse/swt/widgets/Composite;I)V+302
j  org.eclipse.epp.internal.mpc.ui.wizards.DiscoveryItem.computeBrowserAvailable(Lorg/eclipse/swt/widgets/Composite;)Z+12
j  org.eclipse.epp.internal.mpc.ui.wizards.DiscoveryItem.createContent()V+314
j  org.eclipse.epp.internal.mpc.ui.wizards.DiscoveryItem.<init>(Lorg/eclipse/swt/widgets/Composite;ILorg/eclipse/equinox/internal/p2/ui/discovery/wizards/DiscoveryResources;Lorg/eclipse/jface/window/IShellProvider;Lorg/eclipse/epp/internal/mpc/ui/wizards/IMarketplaceWebBrowser;Lorg/eclipse/equinox/internal/p2/discovery/model/CatalogItem;Lorg/eclipse/epp/internal/mpc/ui/wizards/MarketplaceViewer;)V+54
j  org.eclipse.epp.internal.mpc.ui.wizards.MarketplaceViewer.doCreateViewerItem(Lorg/eclipse/swt/widgets/Composite;Ljava/lang/Object;)Lorg/eclipse/equinox/internal/p2/ui/discovery/util/ControlListItem;+82
j  org.eclipse.equinox.internal.p2.ui.discovery.wizards.CatalogViewer$3.doCreateItem(Lorg/eclipse/swt/widgets/Composite;Ljava/lang/Object;)Lorg/eclipse/equinox/internal/p2/ui/discovery/util/ControlListItem;+6
j  org.eclipse.equinox.internal.p2.ui.discovery.util.ControlListViewer.createNewItem(Ljava/lang/Object;)Lorg/eclipse/equinox/internal/p2/ui/discovery/util/ControlListItem;+6
j  org.eclipse.equinox.internal.p2.ui.discovery.util.ControlListViewer.refreshAll()V+59
j  org.eclipse.equinox.internal.p2.ui.discovery.util.ControlListViewer.inputChanged(Ljava/lang/Object;Ljava/lang/Object;)V+7
j  org.eclipse.jface.viewers.ContentViewer.setInput(Ljava/lang/Object;)V+46
j  org.eclipse.jface.viewers.StructuredViewer.setInput(Ljava/lang/Object;)V+6
j  org.eclipse.equinox.internal.p2.ui.discovery.wizards.CatalogViewer.catalogUpdated(ZZ)V+27
j  org.eclipse.epp.internal.mpc.ui.wizards.MarketplaceViewer.catalogUpdated(ZZ)V+3
j  org.eclipse.equinox.internal.p2.ui.discovery.wizards.CatalogViewer.updateCatalog()V+101
j  org.eclipse.epp.internal.mpc.ui.wizards.MarketplaceViewer.updateCatalog()V+81
j  org.eclipse.epp.internal.mpc.ui.wizards.MarketplacePage$5.run()V+30
J  org.eclipse.swt.widgets.Synchronizer.runAsyncMessages(Z)Z
J  org.eclipse.swt.widgets.Display.readAndDispatch()Z
J  org.eclipse.jface.window.Window.runEventLoop(Lorg/eclipse/swt/widgets/Shell;)V
j  org.eclipse.jface.window.Window.open()I+49
j  org.eclipse.epp.internal.mpc.ui.commands.MarketplaceWizardCommand.execute(Lorg/eclipse/core/commands/ExecutionEvent;)Ljava/lang/Object;+336
j  org.eclipse.ui.internal.handlers.HandlerProxy.execute(Lorg/eclipse/core/commands/ExecutionEvent;)Ljava/lang/Object;+33
j  org.eclipse.core.commands.Command.executeWithChecks(Lorg/eclipse/core/commands/ExecutionEvent;)Ljava/lang/Object;+115
j  org.eclipse.core.commands.ParameterizedCommand.executeWithChecks(Ljava/lang/Object;Ljava/lang/Object;)Ljava/lang/Object;+21
j  org.eclipse.ui.internal.handlers.HandlerService.executeCommand(Lorg/eclipse/core/commands/ParameterizedCommand;Lorg/eclipse/swt/widgets/Event;)Ljava/lang/Object;+6
j  org.eclipse.ui.internal.handlers.SlaveHandlerService.executeCommand(Lorg/eclipse/core/commands/ParameterizedCommand;Lorg/eclipse/swt/widgets/Event;)Ljava/lang/Object;+6
j  org.eclipse.ui.menus.CommandContributionItem.handleWidgetSelection(Lorg/eclipse/swt/widgets/Event;)V+79
j  org.eclipse.ui.menus.CommandContributionItem.access$19(Lorg/eclipse/ui/menus/CommandContributionItem;Lorg/eclipse/swt/widgets/Event;)V+2
j  org.eclipse.ui.menus.CommandContributionItem$5.handleEvent(Lorg/eclipse/swt/widgets/Event;)V+51
J  org.eclipse.swt.widgets.EventTable.sendEvent(Lorg/eclipse/swt/widgets/Event;)V
J  org.eclipse.swt.widgets.Display.runDeferredEvents()Z
J  org.eclipse.swt.widgets.Display.readAndDispatch()Z
j  org.eclipse.ui.internal.Workbench.runEventLoop(Lorg/eclipse/jface/window/Window$IExceptionHandler;Lorg/eclipse/swt/widgets/Display;)V+9
j  org.eclipse.ui.internal.Workbench.runUI()I+555
j  org.eclipse.ui.internal.Workbench.access$4(Lorg/eclipse/ui/internal/Workbench;)I+1
j  org.eclipse.ui.internal.Workbench$7.run()V+55
j  org.eclipse.core.databinding.observable.Realm.runWithDefault(Lorg/eclipse/core/databinding/observable/Realm;Ljava/lang/Runnable;)V+12
j  org.eclipse.ui.internal.Workbench.createAndRunWorkbench(Lorg/eclipse/swt/widgets/Display;Lorg/eclipse/ui/application/WorkbenchAdvisor;)I+18
j  org.eclipse.ui.PlatformUI.createAndRunWorkbench(Lorg/eclipse/swt/widgets/Display;Lorg/eclipse/ui/application/WorkbenchAdvisor;)I+2
j  org.eclipse.ui.internal.ide.application.IDEApplication.start(Lorg/eclipse/equinox/app/IApplicationContext;)Ljava/lang/Object;+99
j  org.eclipse.equinox.internal.app.EclipseAppHandle.run(Ljava/lang/Object;)Ljava/lang/Object;+135
j  org.eclipse.core.runtime.internal.adaptor.EclipseAppLauncher.runApplication(Ljava/lang/Object;)Ljava/lang/Object;+103
j  org.eclipse.core.runtime.internal.adaptor.EclipseAppLauncher.start(Ljava/lang/Object;)Ljava/lang/Object;+29
j  org.eclipse.core.runtime.adaptor.EclipseStarter.run(Ljava/lang/Object;)Ljava/lang/Object;+149
j  org.eclipse.core.runtime.adaptor.EclipseStarter.run([Ljava/lang/String;Ljava/lang/Runnable;)Ljava/lang/Object;+183
v  ~StubRoutines::call_stub
j  sun.reflect.NativeMethodAccessorImpl.invoke0(Ljava/lang/reflect/Method;Ljava/lang/Object;[Ljava/lang/Object;)Ljava/lang/Object;+0
j  sun.reflect.NativeMethodAccessorImpl.invoke(Ljava/lang/Object;[Ljava/lang/Object;)Ljava/lang/Object;+87
j  sun.reflect.DelegatingMethodAccessorImpl.invoke(Ljava/lang/Object;[Ljava/lang/Object;)Ljava/lang/Object;+6
j  java.lang.reflect.Method.invoke(Ljava/lang/Object;[Ljava/lang/Object;)Ljava/lang/Object;+57
j  org.eclipse.equinox.launcher.Main.invokeFramework([Ljava/lang/String;[Ljava/net/URL;)V+211
j  org.eclipse.equinox.launcher.Main.basicRun([Ljava/lang/String;)V+126
j  org.eclipse.equinox.launcher.Main.run([Ljava/lang/String;)I+4
v  ~StubRoutines::call_stub

---------------  P R O C E S S  ---------------

Java Threads: ( => current thread )
  0x775eb800 JavaThread "Worker-11" [_thread_blocked, id=10082, stack(0x762c9000,0x7631a000)]
  0x775e9800 JavaThread "Worker-10" [_thread_blocked, id=10081, stack(0x7631a000,0x7636b000)]
  0x7675ec00 JavaThread "Worker-9" [_thread_blocked, id=10080, stack(0x7636b000,0x763bc000)]
  0x7675a000 JavaThread "MultiThreadedHttpConnectionManager cleanup" daemon [_thread_blocked, id=9854, stack(0x82231000,0x82282000)]
  0x82dca000 JavaThread "process reaper" daemon [_thread_blocked, id=9806, stack(0x82808000,0x82817000)]
  0x7670b400 JavaThread "Provisioning Event Dispatcher" daemon [_thread_blocked, id=9804, stack(0x82282000,0x822d3000)]
  0x09a4b800 JavaThread "org.eclipse.cdt.internal.ui.text.CReconciler" daemon [_thread_blocked, id=9786, stack(0x77349000,0x7739a000)]
  0x83405400 JavaThread "[ThreadPool Manager] - Idle Thread" daemon [_thread_blocked, id=9510, stack(0x82459000,0x824aa000)]
  0x82575800 JavaThread "Bundle File Closer" daemon [_thread_blocked, id=9509, stack(0x824af000,0x82500000)]
  0x83402000 JavaThread "Worker-8" [_thread_blocked, id=9507, stack(0x826c2000,0x82713000)]
  0x83334400 JavaThread "Worker-7" [_thread_blocked, id=9506, stack(0x82713000,0x82764000)]
  0x83400800 JavaThread "Worker-6" [_thread_blocked, id=9505, stack(0x82764000,0x827b5000)]
  0x83103c00 JavaThread "Worker-5" [_thread_blocked, id=9504, stack(0x827b5000,0x82806000)]
  0x82d02000 JavaThread "Worker-4" [_thread_blocked, id=9503, stack(0x82b9e000,0x82bef000)]
  0x82d01000 JavaThread "Worker-3" [_thread_blocked, id=9502, stack(0x82f61000,0x82fb2000)]
  0x0961d400 JavaThread "Worker-2" [_thread_blocked, id=9472, stack(0x828af000,0x82900000)]
  0x83339c00 JavaThread "Worker-1" [_thread_blocked, id=9462, stack(0x82f0d000,0x82f5e000)]
  0x0922b400 JavaThread "Worker-0" [_thread_blocked, id=9460, stack(0x8365e000,0x836af000)]
  0x83870c00 JavaThread "Worker-JM" [_thread_blocked, id=9459, stack(0x832af000,0x83300000)]
  0x83847400 JavaThread "[Timer] - Main Queue Handler" daemon [_thread_blocked, id=9458, stack(0x8360d000,0x8365e000)]
  0x8380f000 JavaThread "Framework Event Dispatcher" daemon [_thread_blocked, id=9456, stack(0x836af000,0x83700000)]
  0x08fb3400 JavaThread "Start Level Event Dispatcher" daemon [_thread_blocked, id=9455, stack(0x83b2e000,0x83b7f000)]
  0x08fac800 JavaThread "State Data Manager" daemon [_thread_blocked, id=9454, stack(0x83e2e000,0x83e7f000)]
  0x08e1f800 JavaThread "Service Thread" daemon [_thread_blocked, id=9452, stack(0x8410d000,0x8415e000)]
  0x08e1dc00 JavaThread "C1 CompilerThread0" daemon [_thread_blocked, id=9451, stack(0x83e7f000,0x83f00000)]
  0x08e1c000 JavaThread "Signal Dispatcher" daemon [_thread_blocked, id=9450, stack(0x8415e000,0x841af000)]
  0x08dda800 JavaThread "Finalizer" daemon [_thread_blocked, id=9449, stack(0x841af000,0x84200000)]
  0x08dd8800 JavaThread "Reference Handler" daemon [_thread_blocked, id=9448, stack(0x8434d000,0x8439e000)]
=>0x08d4ac00 JavaThread "main" [_thread_in_native, id=9428, stack(0xbfa4e000,0xbfa9e000)]

Other Threads:
  0x08dd2400 VMThread [stack: 0x8439e000,0x8441f000] [id=9447]
  0x08e2a000 WatcherThread [stack: 0x83b7f000,0x83c00000] [id=9453]

VM state:not at safepoint (normal execution)

VM Mutex/Monitor currently owned by a thread: None

Heap
 def new generation   total 69376K, used 10960K [0x848c0000, 0x89400000, 0x8f360000)
  eden space 61696K,  17% used [0x848c0000, 0x85374040, 0x88500000)
  from space 7680K,   0% used [0x88500000, 0x88500000, 0x88c80000)
  to   space 7680K,   0% used [0x88c80000, 0x88c80000, 0x89400000)
 tenured generation   total 153920K, used 92350K [0x8f360000, 0x989b0000, 0xa48c0000)
   the space 153920K,  59% used [0x8f360000, 0x94d8fa50, 0x94d8fc00, 0x989b0000)
 compacting perm gen  total 45568K, used 45351K [0xa48c0000, 0xa7540000, 0xb48c0000)
   the space 45568K,  99% used [0xa48c0000, 0xa7509ef0, 0xa750a000, 0xa7540000)
No shared spaces configured.

Card table byte_map: [0x8473f000,0x848c0000] byte_map_base: 0x8431aa00

Polling page: 0xb7754000

Code Cache  [0xb494d000, 0xb54c5000, 0xb694d000)
 total_blobs=5916 nmethods=5705 adapters=142 free_code_cache=21081Kb largest_free_block=21560128

Compilation events (10 events):
Event: 268.950 Thread 0x08e1dc00   27 % !         org.eclipse.epp.internal.mpc.ui.catalog.ResourceProvider::putResource @ 97 (147 bytes)
Event: 268.951 Thread 0x08e1dc00 nmethod 27% 0xb54b4ac8 code [0xb54b4d50, 0xb54b567c]
Event: 269.273 Thread 0x08e1dc00 5900   !         org.apache.commons.codec.net.URLCodec::decodeUrl (140 bytes)
Event: 269.275 Thread 0x08e1dc00 nmethod 5900 0xb54b6188 code [0xb54b6410, 0xb54b7004]
Event: 269.320 Thread 0x08e1dc00 5901             java.text.DecimalFormat::expandAffix (188 bytes)
Event: 269.321 Thread 0x08e1dc00 nmethod 5901 0xb54b7c08 code [0xb54b7e80, 0xb54b8ac0]
Event: 269.905 Thread 0x08e1dc00 5902   !         java.net.URLEncoder::encode (375 bytes)
Event: 269.907 Thread 0x08e1dc00 nmethod 5902 0xb54b9588 code [0xb54b99f0, 0xb54bb2e0]
Event: 270.587 Thread 0x08e1dc00 5903             java.util.regex.Pattern$1::isSatisfiedBy (13 bytes)
Event: 270.588 Thread 0x08e1dc00 nmethod 5903 0xb54bd2c8 code [0xb54bd3c0, 0xb54bd470]

GC Heap History (10 events):
Event: 132.295 GC heap before
{Heap before GC invocations=193 (full 12):
 def new generation   total 38336K, used 36766K [0x848c0000, 0x87250000, 0x8f360000)
  eden space 34112K, 100% used [0x848c0000, 0x86a10000, 0x86a10000)
  from space 4224K,  62% used [0x86e30000, 0x870c7ac8, 0x87250000)
  to   space 4224K,   0% used [0x86a10000, 0x86a10000, 0x86e30000)
 tenured generation   total 84932K, used 82210K [0x8f360000, 0x94651000, 0xa48c0000)
   the space 84932K,  96% used [0x8f360000, 0x943a8b90, 0x943a8c00, 0x94651000)
 compacting perm gen  total 36608K, used 36544K [0xa48c0000, 0xa6c80000, 0xb48c0000)
   the space 36608K,  99% used [0xa48c0000, 0xa6c70178, 0xa6c70200, 0xa6c80000)
No shared spaces configured.
Event: 132.303 GC heap after
Heap after GC invocations=194 (full 12):
 def new generation   total 38336K, used 4063K [0x848c0000, 0x87250000, 0x8f360000)
  eden space 34112K,   0% used [0x848c0000, 0x848c0000, 0x86a10000)
  from space 4224K,  96% used [0x86a10000, 0x86e07f20, 0x86e30000)
  to   space 4224K,   0% used [0x86e30000, 0x86e30000, 0x87250000)
 tenured generation   total 84932K, used 82759K [0x8f360000, 0x94651000, 0xa48c0000)
   the space 84932K,  97% used [0x8f360000, 0x94431f08, 0x94432000, 0x94651000)
 compacting perm gen  total 36608K, used 36544K [0xa48c0000, 0xa6c80000, 0xb48c0000)
   the space 36608K,  99% used [0xa48c0000, 0xa6c70178, 0xa6c70200, 0xa6c80000)
No shared spaces configured.
}
Event: 145.012 GC heap before
{Heap before GC invocations=194 (full 12):
 def new generation   total 38336K, used 38175K [0x848c0000, 0x87250000, 0x8f360000)
  eden space 34112K, 100% used [0x848c0000, 0x86a10000, 0x86a10000)
  from space 4224K,  96% used [0x86a10000, 0x86e07f20, 0x86e30000)
  to   space 4224K,   0% used [0x86e30000, 0x86e30000, 0x87250000)
 tenured generation   total 84932K, used 82759K [0x8f360000, 0x94651000, 0xa48c0000)
   the space 84932K,  97% used [0x8f360000, 0x94431f08, 0x94432000, 0x94651000)
 compacting perm gen  total 36608K, used 36545K [0xa48c0000, 0xa6c80000, 0xb48c0000)
   the space 36608K,  99% used [0xa48c0000, 0xa6c704f0, 0xa6c70600, 0xa6c80000)
No shared spaces configured.
Event: 145.128 GC heap after
Heap after GC invocations=195 (full 13):
 def new generation   total 55872K, used 0K [0x848c0000, 0x88550000, 0x8f360000)
  eden space 49728K,   0% used [0x848c0000, 0x848c0000, 0x87950000)
  from space 6144K,   0% used [0x87950000, 0x87950000, 0x87f50000)
  to   space 6144K,   0% used [0x87f50000, 0x87f50000, 0x88550000)
 tenured generation   total 123888K, used 74331K [0x8f360000, 0x96c5c000, 0xa48c0000)
   the space 123888K,  59% used [0x8f360000, 0x93bf6e58, 0x93bf7000, 0x96c5c000)
 compacting perm gen  total 36608K, used 36545K [0xa48c0000, 0xa6c80000, 0xb48c0000)
   the space 36608K,  99% used [0xa48c0000, 0xa6c704f0, 0xa6c70600, 0xa6c80000)
No shared spaces configured.
}
Event: 149.607 GC heap before
{Heap before GC invocations=195 (full 13):
 def new generation   total 55872K, used 49728K [0x848c0000, 0x88550000, 0x8f360000)
  eden space 49728K, 100% used [0x848c0000, 0x87950000, 0x87950000)
  from space 6144K,   0% used [0x87950000, 0x87950000, 0x87f50000)
  to   space 6144K,   0% used [0x87f50000, 0x87f50000, 0x88550000)
 tenured generation   total 123888K, used 74331K [0x8f360000, 0x96c5c000, 0xa48c0000)
   the space 123888K,  59% used [0x8f360000, 0x93bf6e58, 0x93bf7000, 0x96c5c000)
 compacting perm gen  total 40192K, used 39944K [0xa48c0000, 0xa7000000, 0xb48c0000)
   the space 40192K,  99% used [0xa48c0000, 0xa6fc20d8, 0xa6fc2200, 0xa7000000)
No shared spaces configured.
Event: 149.628 GC heap after
Heap after GC invocations=196 (full 13):
 def new generation   total 55872K, used 6144K [0x848c0000, 0x88550000, 0x8f360000)
  eden space 49728K,   0% used [0x848c0000, 0x848c0000, 0x87950000)
  from space 6144K, 100% used [0x87f50000, 0x88550000, 0x88550000)
  to   space 6144K,   0% used [0x87950000, 0x87950000, 0x87f50000)
 tenured generation   total 123888K, used 78036K [0x8f360000, 0x96c5c000, 0xa48c0000)
   the space 123888K,  62% used [0x8f360000, 0x93f95018, 0x93f95200, 0x96c5c000)
 compacting perm gen  total 40192K, used 39944K [0xa48c0000, 0xa7000000, 0xb48c0000)
   the space 40192K,  99% used [0xa48c0000, 0xa6fc20d8, 0xa6fc2200, 0xa7000000)
No shared spaces configured.
}
Event: 163.276 GC heap before
{Heap before GC invocations=196 (full 13):
 def new generation   total 55872K, used 41289K [0x848c0000, 0x88550000, 0x8f360000)
  eden space 49728K,  70% used [0x848c0000, 0x86b12770, 0x87950000)
  from space 6144K, 100% used [0x87f50000, 0x88550000, 0x88550000)
  to   space 6144K,   0% used [0x87950000, 0x87950000, 0x87f50000)
 tenured generation   total 123888K, used 78036K [0x8f360000, 0x96c5c000, 0xa48c0000)
   the space 123888K,  62% used [0x8f360000, 0x93f95018, 0x93f95200, 0x96c5c000)
 compacting perm gen  total 40704K, used 40702K [0xa48c0000, 0xa7080000, 0xb48c0000)
   the space 40704K,  99% used [0xa48c0000, 0xa707fac8, 0xa707fc00, 0xa7080000)
No shared spaces configured.
Event: 163.398 GC heap after
Heap after GC invocations=197 (full 14):
 def new generation   total 62656K, used 0K [0x848c0000, 0x88cb0000, 0x8f360000)
  eden space 55744K,   0% used [0x848c0000, 0x848c0000, 0x87f30000)
  from space 6912K,   0% used [0x87f30000, 0x87f30000, 0x885f0000)
  to   space 6912K,   0% used [0x885f0000, 0x885f0000, 0x88cb0000)
 tenured generation   total 138960K, used 83374K [0x8f360000, 0x97b14000, 0xa48c0000)
   the space 138960K,  59% used [0x8f360000, 0x944cbb50, 0x944cbc00, 0x97b14000)
 compacting perm gen  total 40704K, used 40702K [0xa48c0000, 0xa7080000, 0xb48c0000)
   the space 40704K,  99% used [0xa48c0000, 0xa707fac8, 0xa707fc00, 0xa7080000)
No shared spaces configured.
}
Event: 254.636 GC heap before
{Heap before GC invocations=197 (full 14):
 def new generation   total 62656K, used 44136K [0x848c0000, 0x88cb0000, 0x8f360000)
  eden space 55744K,  79% used [0x848c0000, 0x873da118, 0x87f30000)
  from space 6912K,   0% used [0x87f30000, 0x87f30000, 0x885f0000)
  to   space 6912K,   0% used [0x885f0000, 0x885f0000, 0x88cb0000)
 tenured generation   total 138960K, used 83374K [0x8f360000, 0x97b14000, 0xa48c0000)
   the space 138960K,  59% used [0x8f360000, 0x944cbb50, 0x944cbc00, 0x97b14000)
 compacting perm gen  total 44800K, used 44799K [0xa48c0000, 0xa7480000, 0xb48c0000)
   the space 44800K,  99% used [0xa48c0000, 0xa747ff28, 0xa7480000, 0xa7480000)
No shared spaces configured.
Event: 254.768 GC heap after
Heap after GC invocations=198 (full 15):
 def new generation   total 69376K, used 0K [0x848c0000, 0x89400000, 0x8f360000)
  eden space 61696K,   0% used [0x848c0000, 0x848c0000, 0x88500000)
  from space 7680K,   0% used [0x88500000, 0x88500000, 0x88c80000)
  to   space 7680K,   0% used [0x88c80000, 0x88c80000, 0x89400000)
 tenured generation   total 153920K, used 92350K [0x8f360000, 0x989b0000, 0xa48c0000)
   the space 153920K,  59% used [0x8f360000, 0x94d8fa50, 0x94d8fc00, 0x989b0000)
 compacting perm gen  total 44800K, used 44799K [0xa48c0000, 0xa7480000, 0xb48c0000)
   the space 44800K,  99% used [0xa48c0000, 0xa747ff28, 0xa7480000, 0xa7480000)
No shared spaces configured.
}

Deoptimization events (0 events):
No events

Internal exceptions (10 events):
Event: 269.574 Thread 0x775eb800 Threw 0x84fce898 at /builddir/build/BUILD/java-1.7.0-openjdk/openjdk/hotspot/src/share/vm/prims/jvm.cpp:2888
Event: 269.576 Thread 0x7675ec00 Threw 0x84f6a878 at /builddir/build/BUILD/java-1.7.0-openjdk/openjdk/hotspot/src/share/vm/prims/jvm.cpp:2888
Event: 269.923 Thread 0x83400800 Threw 0x85172ff0 at /builddir/build/BUILD/java-1.7.0-openjdk/openjdk/hotspot/src/share/vm/prims/jvm.cpp:2888
Event: 269.976 Thread 0x83103c00 Threw 0x85106638 at /builddir/build/BUILD/java-1.7.0-openjdk/openjdk/hotspot/src/share/vm/prims/jvm.cpp:2888
Event: 270.015 Thread 0x83334400 Threw 0x84c04cc8 at /builddir/build/BUILD/java-1.7.0-openjdk/openjdk/hotspot/src/share/vm/prims/jvm.cpp:2888
Event: 270.183 Thread 0x0961d400 Threw 0x84aa0e68 at /builddir/build/BUILD/java-1.7.0-openjdk/openjdk/hotspot/src/share/vm/prims/jvm.cpp:2888
Event: 270.587 Thread 0x775eb800 Threw 0x84fceaa0 at /builddir/build/BUILD/java-1.7.0-openjdk/openjdk/hotspot/src/share/vm/prims/jvm.cpp:2888
Event: 270.816 Thread 0x83339c00 Threw 0x851b8f50 at /builddir/build/BUILD/java-1.7.0-openjdk/openjdk/hotspot/src/share/vm/prims/jvm.cpp:2888
Event: 271.287 Thread 0x08d4ac00 Threw 0x8532fd10 at /builddir/build/BUILD/java-1.7.0-openjdk/openjdk/hotspot/src/share/vm/prims/jvm.cpp:3649
Event: 271.287 Thread 0x08d4ac00 Threw 0x8532fd10 at /builddir/build/BUILD/java-1.7.0-openjdk/openjdk/hotspot/src/share/vm/prims/jni.cpp:716

Events (10 events):
Event: 271.136 loading class 0x776d2d80
Event: 271.136 loading class 0x09c9e728
Event: 271.136 loading class 0x09c9e728 done
Event: 271.136 loading class 0x776d2d80 done
Event: 271.141 Executing VM operation: Deoptimize
Event: 271.141 Executing VM operation: Deoptimize done
Event: 271.175 loading class 0x09cf6b90
Event: 271.175 loading class 0x09cf6b90 done
Event: 271.287 loading class 0x08d9b560
Event: 271.288 loading class 0x08d9b560 done


Dynamic libraries:
08048000-0804c000 r-xp 00000000 fd:00 18224245   /export/home/joshis1/Foxtel/eclipse/eclipse
0804c000-0804d000 rw-p 00003000 fd:00 18224245   /export/home/joshis1/Foxtel/eclipse/eclipse
08cce000-09d89000 rw-p 00000000 00:00 0          [heap]
41013000-41017000 r-xp 00000000 fd:00 48775299   /usr/lib/libXfixes.so.3.1.0
41017000-41018000 rw-p 00003000 fd:00 48775299   /usr/lib/libXfixes.so.3.1.0
4101a000-41023000 r-xp 00000000 fd:00 48775388   /usr/lib/libXcursor.so.1.0.2
41023000-41024000 rw-p 00008000 fd:00 48775388   /usr/lib/libXcursor.so.1.0.2
41026000-41028000 r-xp 00000000 fd:00 48775389   /usr/lib/libXdamage.so.1.1.0
41028000-41029000 rw-p 00001000 fd:00 48775389   /usr/lib/libXdamage.so.1.1.0
416fa000-417ec000 r-xp 00000000 fd:00 41026247   /lib/libasound.so.2.0.0
417ec000-417f0000 r--p 000f1000 fd:00 41026247   /lib/libasound.so.2.0.0
417f0000-417f1000 rw-p 000f5000 fd:00 41026247   /lib/libasound.so.2.0.0
427bc000-427f6000 r-xp 00000000 fd:00 49290435   /usr/lib/xulrunner-last/libnspr4.so
427f6000-427f7000 rw-p 0003a000 fd:00 49290435   /usr/lib/xulrunner-last/libnspr4.so
427f7000-427f9000 rw-p 00000000 00:00 0 
427fb000-427fe000 r-xp 00000000 fd:00 49290437   /usr/lib/xulrunner-last/libplds4.so
427fe000-427ff000 rw-p 00002000 fd:00 49290437   /usr/lib/xulrunner-last/libplds4.so
42801000-42805000 r-xp 00000000 fd:00 49290436   /usr/lib/xulrunner-last/libplc4.so
42805000-42806000 rw-p 00003000 fd:00 49290436   /usr/lib/xulrunner-last/libplc4.so
46abd000-46ae4000 r-xp 00000000 fd:00 48776896   /usr/lib/libpng12.so.0.49.0
46ae4000-46ae5000 r--p 00026000 fd:00 48776896   /usr/lib/libpng12.so.0.49.0
46ae5000-46ae6000 rw-p 00027000 fd:00 48776896   /usr/lib/libpng12.so.0.49.0
46ae8000-46b0d000 r-xp 00000000 fd:00 48769793   /usr/lib/libdbus-glib-1.so.2.2.2
46b0d000-46b0e000 r--p 00024000 fd:00 48769793   /usr/lib/libdbus-glib-1.so.2.2.2
46b0e000-46b0f000 rw-p 00025000 fd:00 48769793   /usr/lib/libdbus-glib-1.so.2.2.2
46b11000-46b15000 r-xp 00000000 fd:00 48776815   /usr/lib/libcanberra-gtk.so.0.1.8
46b15000-46b16000 r--p 00003000 fd:00 48776815   /usr/lib/libcanberra-gtk.so.0.1.8
46b16000-46b17000 rw-p 00004000 fd:00 48776815   /usr/lib/libcanberra-gtk.so.0.1.8
46b7b000-46b90000 r-xp 00000000 fd:00 48766198   /usr/lib/libbonobo-activation.so.4.0.0
46b90000-46b92000 rw-p 00015000 fd:00 48766198   /usr/lib/libbonobo-activation.so.4.0.0
46b94000-46bf2000 r-xp 00000000 fd:00 48776935   /usr/lib/libbonobo-2.so.0.0.0
46bf2000-46bfc000 rw-p 0005d000 fd:00 48776935   /usr/lib/libbonobo-2.so.0.0.0
46bfe000-46c05000 r-xp 00000000 fd:00 48776940   /usr/lib/libgailutil.so.18.0.1
46c05000-46c06000 r--p 00006000 fd:00 48776940   /usr/lib/libgailutil.so.18.0.1
46c06000-46c07000 rw-p 00007000 fd:00 48776940   /usr/lib/libgailutil.so.18.0.1
46c24000-46c38000 r-xp 00000000 fd:00 48776942   /usr/lib/libgnome-2.so.0.3200.1
46c38000-46c39000 rw-p 00014000 fd:00 48776942   /usr/lib/libgnome-2.so.0.3200.1
46c3b000-46c6f000 r-xp 00000000 fd:00 48776941   /usr/lib/libgnomecanvas-2.so.0.3000.3
46c6f000-46c70000 rw-p 00034000 fd:00 48776941   /usr/lib/libgnomecanvas-2.so.0.3000.3
46ca1000-46d0a000 r-xp 00000000 fd:00 48776943   /usr/lib/libbonoboui-2.so.0.0.0
46d0a000-46d0d000 rw-p 00068000 fd:00 48776943   /usr/lib/libbonoboui-2.so.0.0.0
46d0f000-46da4000 r-xp 00000000 fd:00 48763012   /usr/lib/libgnomeui-2.so.0.2400.5
46da4000-46da7000 rw-p 00095000 fd:00 48763012   /usr/lib/libgnomeui-2.so.0.2400.5
47015000-47043000 r-xp 00000000 fd:00 48762106   /usr/lib/libgconf-2.so.4.1.5
47043000-47044000 r--p 0002d000 fd:00 48762106   /usr/lib/libgconf-2.so.4.1.5
47044000-47045000 rw-p 0002e000 fd:00 48762106   /usr/lib/libgconf-2.so.4.1.5
470c0000-470fa000 r-xp 00000000 fd:00 48775395   /usr/lib/libcroco-0.6.so.3.0.1
470fa000-470fd000 rw-p 00039000 fd:00 48775395   /usr/lib/libcroco-0.6.so.3.0.1
47238000-4726e000 r-xp 00000000 fd:00 48762129   /usr/lib/librsvg-2.so.2.34.2
4726e000-4726f000 ---p 00036000 fd:00 48762129   /usr/lib/librsvg-2.so.2.34.2
4726f000-47270000 r--p 00036000 fd:00 48762129   /usr/lib/librsvg-2.so.2.34.2
47270000-47271000 rw-p 00037000 fd:00 48762129   /usr/lib/librsvg-2.so.2.34.2
475d1000-4771a000 r-xp 00000000 fd:00 48774974   /usr/lib/libxml2.so.2.7.8
4771a000-4771b000 ---p 00149000 fd:00 48774974   /usr/lib/libxml2.so.2.7.8
4771b000-4771f000 r--p 00149000 fd:00 48774974   /usr/lib/libxml2.so.2.7.8
4771f000-47720000 rw-p 0014d000 fd:00 48774974   /usr/lib/libxml2.so.2.7.8
47720000-47721000 rw-p 00000000 00:00 0 
47723000-47865000 r-xp 00000000 fd:00 41026298   /lib/libgio-2.0.so.0.3000.3
47865000-47867000 r--p 00141000 fd:00 41026298   /lib/libgio-2.0.so.0.3000.3
47867000-47868000 rw-p 00143000 fd:00 41026298   /lib/libgio-2.0.so.0.3000.3
47868000-47869000 rw-p 00000000 00:00 0 
48466000-48488000 r-xp 00000000 fd:00 48763178   /usr/lib/libgdk_pixbuf-2.0.so.0.2400.1
48488000-48489000 r--p 00021000 fd:00 48763178   /usr/lib/libgdk_pixbuf-2.0.so.0.2400.1
48489000-4848a000 rw-p 00022000 fd:00 48763178   /usr/lib/libgdk_pixbuf-2.0.so.0.2400.1
48c89000-48d3d000 r-xp 00000000 fd:00 48775752   /usr/lib/libcairo.so.2.11000.2
48d3d000-48d3e000 r--p 000b4000 fd:00 48775752   /usr/lib/libcairo.so.2.11000.2
48d3e000-48d3f000 rw-p 000b5000 fd:00 48775752   /usr/lib/libcairo.so.2.11000.2
48d3f000-48d41000 rw-p 00000000 00:00 0 
48d7e000-48d89000 r-xp 00000000 fd:00 48776913   /usr/lib/libpangocairo-1.0.so.0.2904.0
48d89000-48d8a000 r--p 0000a000 fd:00 48776913   /usr/lib/libpangocairo-1.0.so.0.2904.0
48d8a000-48d8b000 rw-p 0000b000 fd:00 48776913   /usr/lib/libpangocairo-1.0.so.0.2904.0
4905d000-49116000 r-xp 00000000 fd:00 48761644   /usr/lib/libgdk-x11-2.0.so.0.2400.8
49116000-49118000 r--p 000b9000 fd:00 48761644   /usr/lib/libgdk-x11-2.0.so.0.2400.8
49118000-49119000 rw-p 000bb000 fd:00 48761644   /usr/lib/libgdk-x11-2.0.so.0.2400.8
4911b000-495bb000 r-xp 00000000 fd:00 48776939   /usr/lib/libgtk-x11-2.0.so.0.2400.8
495bb000-495bc000 ---p 004a0000 fd:00 48776939   /usr/lib/libgtk-x11-2.0.so.0.2400.8
495bc000-495c0000 r--p 004a0000 fd:00 48776939   /usr/lib/libgtk-x11-2.0.so.0.2400.8
495c0000-495c2000 rw-p 004a4000 fd:00 48776939   /usr/lib/libgtk-x11-2.0.so.0.2400.8
495c2000-495c4000 rw-p 00000000 00:00 0 
4bf28000-4bf49000 r-xp 00000000 fd:00 41030167   /lib/ld-2.14.90.so
4bf49000-4bf4a000 r--p 00020000 fd:00 41030167   /lib/ld-2.14.90.so
4bf4a000-4bf4b000 rw-p 00021000 fd:00 41030167   /lib/ld-2.14.90.so
4bf4d000-4bf4e000 r-xp 00000000 fd:00 48774202   /usr/lib/libX11-xcb.so.1.0.0
4bf4e000-4bf4f000 rw-p 00000000 fd:00 48774202   /usr/lib/libX11-xcb.so.1.0.0
4bf51000-4c0fb000 r-xp 00000000 fd:00 41030168   /lib/libc-2.14.90.so
4c0fb000-4c0fc000 ---p 001aa000 fd:00 41030168   /lib/libc-2.14.90.so
4c0fc000-4c0fe000 r--p 001aa000 fd:00 41030168   /lib/libc-2.14.90.so
4c0fe000-4c0ff000 rw-p 001ac000 fd:00 41030168   /lib/libc-2.14.90.so
4c0ff000-4c102000 rw-p 00000000 00:00 0 
4c104000-4c12d000 r-xp 00000000 fd:00 41030181   /lib/libm-2.14.90.so
4c12d000-4c12e000 r--p 00028000 fd:00 41030181   /lib/libm-2.14.90.so
4c12e000-4c12f000 rw-p 00029000 fd:00 41030181   /lib/libm-2.14.90.so
4c131000-4c134000 r-xp 00000000 fd:00 41030174   /lib/libdl-2.14.90.so
4c134000-4c135000 r--p 00002000 fd:00 41030174   /lib/libdl-2.14.90.so
4c135000-4c136000 rw-p 00003000 fd:00 41030174   /lib/libdl-2.14.90.so
4c138000-4c14f000 r-xp 00000000 fd:00 41030169   /lib/libpthread-2.14.90.so
4c14f000-4c150000 r--p 00016000 fd:00 41030169   /lib/libpthread-2.14.90.so
4c150000-4c151000 rw-p 00017000 fd:00 41030169   /lib/libpthread-2.14.90.so
4c151000-4c153000 rw-p 00000000 00:00 0 
4c155000-4c15d000 r-xp 00000000 fd:00 41030170   /lib/librt-2.14.90.so
4c15d000-4c15e000 r--p 00007000 fd:00 41030170   /lib/librt-2.14.90.so
4c15e000-4c15f000 rw-p 00008000 fd:00 41030170   /lib/librt-2.14.90.so
4c161000-4c17d000 r-xp 00000000 fd:00 41030182   /lib/libgcc_s-4.6.3-20120306.so.1
4c17d000-4c17e000 rw-p 0001b000 fd:00 41030182   /lib/libgcc_s-4.6.3-20120306.so.1
4c1ba000-4c2da000 r-xp 00000000 fd:00 41030171   /lib/libglib-2.0.so.0.3000.3
4c2da000-4c2db000 r--p 00120000 fd:00 41030171   /lib/libglib-2.0.so.0.3000.3
4c2db000-4c2dc000 rw-p 00121000 fd:00 41030171   /lib/libglib-2.0.so.0.3000.3
4c2de000-4c2f5000 r-xp 00000000 fd:00 41030178   /lib/libresolv-2.14.90.so
4c2f5000-4c2f6000 r--p 00016000 fd:00 41030178   /lib/libresolv-2.14.90.so
4c2f6000-4c2f7000 rw-p 00017000 fd:00 41030178   /lib/libresolv-2.14.90.so
4c2f7000-4c2f9000 rw-p 00000000 00:00 0 
4c2fb000-4c2fd000 r-xp 00000000 fd:00 48764226   /usr/lib/libXau.so.6.0.0
4c2fd000-4c2fe000 rw-p 00001000 fd:00 48764226   /usr/lib/libXau.so.6.0.0
4c300000-4c435000 r-xp 00000000 fd:00 48774182   /usr/lib/libX11.so.6.3.0
4c435000-4c439000 rw-p 00134000 fd:00 48774182   /usr/lib/libX11.so.6.3.0
4c43b000-4c458000 r-xp 00000000 fd:00 48774181   /usr/lib/libxcb.so.1.1.0
4c458000-4c459000 rw-p 0001d000 fd:00 48774181   /usr/lib/libxcb.so.1.1.0
4c45b000-4c45f000 r-xp 00000000 fd:00 41030172   /lib/libgthread-2.0.so.0.3000.3
4c45f000-4c460000 r--p 00003000 fd:00 41030172   /lib/libgthread-2.0.so.0.3000.3
4c460000-4c461000 rw-p 00004000 fd:00 41030172   /lib/libgthread-2.0.so.0.3000.3
4c463000-4c474000 r-xp 00000000 fd:00 48759868   /usr/lib/libXext.so.6.4.0
4c474000-4c475000 r--p 00010000 fd:00 48759868   /usr/lib/libXext.so.6.4.0
4c475000-4c476000 rw-p 00011000 fd:00 48759868   /usr/lib/libXext.so.6.4.0
4c478000-4c4c4000 r-xp 00000000 fd:00 41030173   /lib/libgobject-2.0.so.0.3000.3
4c4c4000-4c4c5000 r--p 0004c000 fd:00 41030173   /lib/libgobject-2.0.so.0.3000.3
4c4c5000-4c4c6000 rw-p 0004d000 fd:00 41030173   /lib/libgobject-2.0.so.0.3000.3
4c4c8000-4c4cd000 r-xp 00000000 fd:00 48773560   /usr/lib/libffi.so.5.0.10
4c4cd000-4c4ce000 r--p 00005000 fd:00 48773560   /usr/lib/libffi.so.5.0.10
4c4ce000-4c4cf000 rw-p 00006000 fd:00 48773560   /usr/lib/libffi.so.5.0.10
4c4d1000-4c5b3000 r-xp 00000000 fd:00 48761002   /usr/lib/libstdc++.so.6.0.16
4c5b3000-4c5b7000 r--p 000e1000 fd:00 48761002   /usr/lib/libstdc++.so.6.0.16
4c5b7000-4c5b9000 rw-p 000e5000 fd:00 48761002   /usr/lib/libstdc++.so.6.0.16
4c5b9000-4c5bf000 rw-p 00000000 00:00 0 
4c5c1000-4c5c5000 r-xp 00000000 fd:00 41030199   /lib/libuuid.so.1.3.0
4c5c5000-4c5c6000 r--p 00003000 fd:00 41030199   /lib/libuuid.so.1.3.0
4c5c6000-4c5c7000 rw-p 00004000 fd:00 41030199   /lib/libuuid.so.1.3.0
4c5c9000-4c5d0000 r-xp 00000000 fd:00 48774185   /usr/lib/libSM.so.6.0.1
4c5d0000-4c5d1000 rw-p 00006000 fd:00 48774185   /usr/lib/libSM.so.6.0.1
4c5d3000-4c5e9000 r-xp 00000000 fd:00 48759940   /usr/lib/libICE.so.6.3.0
4c5e9000-4c5eb000 rw-p 00015000 fd:00 48759940   /usr/lib/libICE.so.6.3.0
4c5eb000-4c5ec000 rw-p 00000000 00:00 0 
4c5ee000-4c636000 r-xp 00000000 fd:00 41030190   /lib/libdbus-1.so.3.5.6
4c636000-4c637000 r--p 00047000 fd:00 41030190   /lib/libdbus-1.so.3.5.6
4c637000-4c638000 rw-p 00048000 fd:00 41030190   /lib/libdbus-1.so.3.5.6
4c66c000-4c692000 r-xp 00000000 fd:00 41030194   /lib/libexpat.so.1.6.0
4c692000-4c693000 ---p 00026000 fd:00 41030194   /lib/libexpat.so.1.6.0
4c693000-4c695000 r--p 00026000 fd:00 41030194   /lib/libexpat.so.1.6.0
4c695000-4c696000 rw-p 00028000 fd:00 41030194   /lib/libexpat.so.1.6.0
4c698000-4c730000 r-xp 00000000 fd:00 48760532   /usr/lib/libfreetype.so.6.7.1
4c730000-4c734000 r--p 00097000 fd:00 48760532   /usr/lib/libfreetype.so.6.7.1
4c734000-4c735000 rw-p 0009b000 fd:00 48760532   /usr/lib/libfreetype.so.6.7.1
4c737000-4c76a000 r-xp 00000000 fd:00 48774175   /usr/lib/libfontconfig.so.1.4.4
4c76a000-4c76b000 r--p 00032000 fd:00 48774175   /usr/lib/libfontconfig.so.1.4.4
4c76b000-4c76c000 rw-p 00033000 fd:00 48774175   /usr/lib/libfontconfig.so.1.4.4
4c76e000-4c77c000 r-xp 00000000 fd:00 48774197   /usr/lib/libXi.so.6.1.0
4c77c000-4c77d000 r--p 0000d000 fd:00 48774197   /usr/lib/libXi.so.6.1.0
4c77d000-4c77e000 rw-p 0000e000 fd:00 48774197   /usr/lib/libXi.so.6.1.0
4c780000-4c789000 r-xp 00000000 fd:00 48760632   /usr/lib/libXrender.so.1.3.0
4c789000-4c78a000 rw-p 00008000 fd:00 48760632   /usr/lib/libXrender.so.1.3.0
4c78c000-4c793000 r-xp 00000000 fd:00 48774198   /usr/lib/libXrandr.so.2.2.0
4c793000-4c794000 rw-p 00006000 fd:00 48774198   /usr/lib/libXrandr.so.2.2.0
4c796000-4c798000 r-xp 00000000 fd:00 48774199   /usr/lib/libXinerama.so.1.0.0
4c798000-4c799000 rw-p 00001000 fd:00 48774199   /usr/lib/libXinerama.so.1.0.0
4c79b000-4c79e000 r-xp 00000000 fd:00 41030186   /lib/libcom_err.so.2.1
4c79e000-4c79f000 rw-p 00002000 fd:00 41030186   /lib/libcom_err.so.2.1
4c7fa000-4c86f000 r-xp 00000000 fd:00 48760540   /usr/lib/libvpx.so.1.0.0
4c86f000-4c871000 rw-p 00074000 fd:00 48760540   /usr/lib/libvpx.so.1.0.0
4c871000-4c87b000 rw-p 00000000 00:00 0 
4c87d000-4c8de000 r-xp 00000000 fd:00 48771997   /usr/lib/libhunspell-1.3.so.0.0.0
4c8de000-4c8e2000 rw-p 00061000 fd:00 48771997   /usr/lib/libhunspell-1.3.so.0.0.0
4c97c000-4c97e000 r-xp 00000000 fd:00 41030183   /lib/libkeyutils.so.1.4
4c97e000-4c97f000 rw-p 00002000 fd:00 41030183   /lib/libkeyutils.so.1.4
4cbea000-4cbed000 r-xp 00000000 fd:00 41030175   /lib/libgmodule-2.0.so.0.3000.3
4cbed000-4cbee000 r--p 00002000 fd:00 41030175   /lib/libgmodule-2.0.so.0.3000.3
4cbee000-4cbef000 rw-p 00003000 fd:00 41030175   /lib/libgmodule-2.0.so.0.3000.3
4cc49000-4cc55000 r-xp 00000000 fd:00 48774168   /usr/lib/libavahi-common.so.3.5.3
4cc55000-4cc56000 r--p 0000b000 fd:00 48774168   /usr/lib/libavahi-common.so.3.5.3
4cc56000-4cc57000 rw-p 0000c000 fd:00 48774168   /usr/lib/libavahi-common.so.3.5.3
4cda3000-4cdb3000 r-xp 00000000 fd:00 48774169   /usr/lib/libavahi-client.so.3.2.9
4cdb3000-4cdb4000 r--p 0000f000 fd:00 48774169   /usr/lib/libavahi-client.so.3.2.9
4cdb4000-4cdb5000 rw-p 00010000 fd:00 48774169   /usr/lib/libavahi-client.so.3.2.9
4ce7d000-4ce9d000 r-xp 00000000 fd:00 48766315   /usr/lib/libgnome-keyring.so.0.1.1
4ce9d000-4ce9e000 r--p 00020000 fd:00 48766315   /usr/lib/libgnome-keyring.so.0.1.1
4ce9e000-4ce9f000 rw-p 00021000 fd:00 48766315   /usr/lib/libgnome-keyring.so.0.1.1
4cf21000-4cf38000 r-xp 00000000 fd:00 48760824   /usr/lib/libart_lgpl_2.so.2.3.21
4cf38000-4cf39000 rw-p 00016000 fd:00 48760824   /usr/lib/libart_lgpl_2.so.2.3.21
4cf46000-4cf4e000 r-xp 00000000 fd:00 48764533   /usr/lib/libvorbisfile.so.3.3.5
4cf4e000-4cf4f000 r--p 00007000 fd:00 48764533   /usr/lib/libvorbisfile.so.3.3.5
4cf4f000-4cf50000 rw-p 00008000 fd:00 48764533   /usr/lib/libvorbisfile.so.3.3.5
4cf5c000-4cf6c000 r-xp 00000000 fd:00 48774229   /usr/lib/libcanberra.so.0.2.5
4cf6c000-4cf6d000 r--p 0000f000 fd:00 48774229   /usr/lib/libcanberra.so.0.2.5
4cf6d000-4cf6e000 rw-p 00010000 fd:00 48774229   /usr/lib/libcanberra.so.0.2.5
4cfd1000-4cfe2000 r-xp 00000000 fd:00 48759673   /usr/lib/libtdb.so.1.2.9
4cfe2000-4cfe3000 rw-p 00010000 fd:00 48759673   /usr/lib/libtdb.so.1.2.9
4d0b5000-4d0be000 r-xp 00000000 fd:00 48764033   /usr/lib/libstartup-notification-1.so.0.0.0
4d0be000-4d0bf000 rw-p 00008000 fd:00 48764033   /usr/lib/libstartup-notification-1.so.0.0.0
4d0ee000-4d0f1000 r-xp 00000000 fd:00 48759880   /usr/lib/libxcb-aux.so.0.0.0
4d0f1000-4d0f2000 rw-p 00002000 fd:00 48759880   /usr/lib/libxcb-aux.so.0.0.0
4d0fe000-4d10d000 r-xp 00000000 fd:00 41030205   /lib/libudev.so.0.12.0
4d10d000-4d10e000 r--p 0000e000 fd:00 41030205   /lib/libudev.so.0.12.0
4d10e000-4d10f000 rw-p 0000f000 fd:00 41030205   /lib/libudev.so.0.12.0
4d111000-4d119000 r-xp 00000000 fd:00 41030213   /lib/libpopt.so.0.0.0
4d119000-4d11a000 rw-p 00008000 fd:00 41030213   /lib/libpopt.so.0.0.0
4d2f7000-4d2fc000 r-xp 00000000 fd:00 48760096   /usr/lib/libXtst.so.6.1.0
4d2fc000-4d2fd000 rw-p 00004000 fd:00 48760096   /usr/lib/libXtst.so.6.1.0
4d612000-4d630000 r-xp 00000000 fd:00 41032672   /lib/libselinux.so.1
4d630000-4d631000 r--p 0001d000 fd:00 41032672   /lib/libselinux.so.1
4d631000-4d632000 rw-p 0001e000 fd:00 41032672   /lib/libselinux.so.1
4daa2000-4db75000 r-xp 00000000 fd:00 41032675   /lib/libkrb5.so.3.3
4db75000-4db7b000 r--p 000d2000 fd:00 41032675   /lib/libkrb5.so.3.3
4db7b000-4db7c000 rw-p 000d8000 fd:00 41032675   /lib/libkrb5.so.3.3
4db7e000-4db93000 r-xp 00000000 fd:00 41032677   /lib/libz.so.1.2.5
4db93000-4db94000 rw-p 00014000 fd:00 41032677   /lib/libz.so.1.2.5
4db96000-4dbe8000 r-xp 00000000 fd:00 48776892   /usr/lib/libssl.so.1.0.0j
4dbe8000-4dbec000 rw-p 00052000 fd:00 48776892   /usr/lib/libssl.so.1.0.0j
4dbee000-4dbf7000 r-xp 00000000 fd:00 41032673   /lib/libkrb5support.so.0.1
4dbf7000-4dbf8000 r--p 00008000 fd:00 41032673   /lib/libkrb5support.so.0.1
4dbf8000-4dbf9000 rw-p 00009000 fd:00 41032673   /lib/libkrb5support.so.0.1
4dc76000-4dcb4000 r-xp 00000000 fd:00 41032676   /lib/libgssapi_krb5.so.2.2
4dcb4000-4dcb5000 ---p 0003e000 fd:00 41032676   /lib/libgssapi_krb5.so.2.2
4dcb5000-4dcb6000 r--p 0003e000 fd:00 41032676   /lib/libgssapi_krb5.so.2.2
4dcb6000-4dcb7000 rw-p 0003f000 fd:00 41032676   /lib/libgssapi_krb5.so.2.2
4e099000-4e0c2000 r-xp 00000000 fd:00 41032674   /lib/libk5crypto.so.3.1
4e0c2000-4e0c3000 ---p 00029000 fd:00 41032674   /lib/libk5crypto.so.3.1
4e0c3000-4e0c4000 r--p 00029000 fd:00 41032674   /lib/libk5crypto.so.3.1
4e0c4000-4e0c5000 rw-p 0002a000 fd:00 41032674   /lib/libk5crypto.so.3.1
4e147000-4e2ba000 r-xp 00000000 fd:00 41032678   /lib/libcrypto.so.1.0.0j
4e2ba000-4e2ce000 rw-p 00173000 fd:00 41032678   /lib/libcrypto.so.1.0.0j
4e2ce000-4e2d1000 rw-p 00000000 00:00 0 
4e805000-4e85e000 r-xp 00000000 fd:00 48774186   /usr/lib/libXt.so.6.0.0
4e85e000-4e862000 rw-p 00059000 fd:00 48774186   /usr/lib/libXt.so.6.0.0
4f0c2000-4f154000 r-xp 00000000 fd:00 48768570   /usr/lib/libpixman-1.so.0.24.4
4f154000-4f155000 ---p 00092000 fd:00 48768570   /usr/lib/libpixman-1.so.0.24.4
4f155000-4f159000 r--p 00092000 fd:00 48768570   /usr/lib/libpixman-1.so.0.24.4
4f159000-4f15a000 rw-p 00096000 fd:00 48768570   /usr/lib/libpixman-1.so.0.24.4
4f15c000-4f188000 r-xp 00000000 fd:00 48765917   /usr/lib/libpangoft2-1.0.so.0.2904.0
4f188000-4f189000 r--p 0002b000 fd:00 48765917   /usr/lib/libpangoft2-1.0.so.0.2904.0
4f189000-4f18a000 rw-p 0002c000 fd:00 48765917   /usr/lib/libpangoft2-1.0.so.0.2904.0
4f19b000-4f1a3000 r-xp 00000000 fd:00 41030196   /lib/libcrypt-2.14.90.so
4f1a3000-4f1a4000 r--p 00007000 fd:00 41030196   /lib/libcrypt-2.14.90.so
4f1a4000-4f1a5000 rw-p 00008000 fd:00 41030196   /lib/libcrypt-2.14.90.so
4f1a5000-4f1cc000 rw-p 00000000 00:00 0 
4f1ce000-4f1ec000 r-xp 00000000 fd:00 48766008   /usr/lib/libatk-1.0.so.0.20209.1
4f1ec000-4f1ee000 r--p 0001d000 fd:00 48766008   /usr/lib/libatk-1.0.so.0.20209.1
4f1ee000-4f1ef000 rw-p 0001f000 fd:00 48766008   /usr/lib/libatk-1.0.so.0.20209.1
4f1f1000-4f239000 r-xp 00000000 fd:00 48762189   /usr/lib/libpango-1.0.so.0.2904.0
4f239000-4f23a000 ---p 00048000 fd:00 48762189   /usr/lib/libpango-1.0.so.0.2904.0
4f23a000-4f23b000 r--p 00048000 fd:00 48762189   /usr/lib/libpango-1.0.so.0.2904.0
4f23b000-4f23c000 rw-p 00049000 fd:00 48762189   /usr/lib/libpango-1.0.so.0.2904.0
4f23e000-4f240000 r-xp 00000000 fd:00 48765919   /usr/lib/libXcomposite.so.1.0.0
4f240000-4f241000 rw-p 00001000 fd:00 48765919   /usr/lib/libXcomposite.so.1.0.0
4f50d000-4f510000 r-xp 00000000 fd:00 41030197   /lib/libgpg-error.so.0.8.0
4f510000-4f511000 r--p 00002000 fd:00 41030197   /lib/libgpg-error.so.0.8.0
4f511000-4f512000 rw-p 00003000 fd:00 41030197   /lib/libgpg-error.so.0.8.0
4f62a000-4f654000 r-xp 00000000 fd:00 48774193   /usr/lib/libvorbis.so.0.4.6
4f654000-4f655000 r--p 00029000 fd:00 48774193   /usr/lib/libvorbis.so.0.4.6
4f655000-4f656000 rw-p 0002a000 fd:00 48774193   /usr/lib/libvorbis.so.0.4.6
4f667000-4f66d000 r-xp 00000000 fd:00 48764615   /usr/lib/libogg.so.0.8.0
4f66d000-4f66e000 r--p 00005000 fd:00 48764615   /usr/lib/libogg.so.0.8.0
4f66e000-4f66f000 rw-p 00006000 fd:00 48764615   /usr/lib/libogg.so.0.8.0
4f671000-4f6ef000 r-xp 00000000 fd:00 41030198   /lib/libgcrypt.so.11.7.0
4f6ef000-4f6f0000 r--p 0007d000 fd:00 41030198   /lib/libgcrypt.so.11.7.0
4f6f0000-4f6f2000 rw-p 0007e000 fd:00 41030198   /lib/libgcrypt.so.11.7.0
4f6f4000-4f739000 r-xp 00000000 fd:00 48774164   /usr/lib/libjpeg.so.62.0.0
4f739000-4f73a000 r--p 00044000 fd:00 48774164   /usr/lib/libjpeg.so.62.0.0
4f73a000-4f73b000 rw-p 00045000 fd:00 48774164   /usr/lib/libjpeg.so.62.0.0
4f73b000-4f74b000 rw-p 00000000 00:00 0 
4fad4000-4fad6000 r-xp 00000000 fd:00 41030180   /lib/libutil-2.14.90.so
4fad6000-4fad7000 r--p 00001000 fd:00 41030180   /lib/libutil-2.14.90.so
4fad7000-4fad8000 rw-p 00002000 fd:00 41030180   /lib/libutil-2.14.90.so
4fce7000-4fcf0000 r-xp 00000000 fd:00 48774207   /usr/lib/libltdl.so.7.3.0
4fcf0000-4fcf1000 rw-p 00008000 fd:00 48774207   /usr/lib/libltdl.so.7.3.0
70200000-702d1000 r-xp 00000000 fd:00 49290427   /usr/lib/xulrunner-last/libxul.so
702d1000-704c6000 ---p 000d1000 fd:00 49290427   /usr/lib/xulrunner-last/libxul.so
704c6000-724df000 r-xp 000d1000 fd:00 49290427   /usr/lib/xulrunner-last/libxul.so
724df000-726f0000 rw-p 020ea000 fd:00 49290427   /usr/lib/xulrunner-last/libxul.so
726f0000-72829000 rw-p 00000000 00:00 0 
72829000-7282a000 ---p 00000000 00:00 0 
7282a000-7302a000 rw-p 00000000 00:00 0 
7302a000-7302b000 ---p 00000000 00:00 0 
7302b000-7382b000 rw-p 00000000 00:00 0 
7502e000-7502f000 ---p 00000000 00:00 0 
7502f000-7582f000 rw-p 00000000 00:00 0 
75bb4000-75cdb000 r-xp 00000000 fd:00 49290416   /usr/lib/xulrunner-last/libnss3.so
75cdb000-75cdf000 rw-p 00126000 fd:00 49290416   /usr/lib/xulrunner-last/libnss3.so
75cdf000-75ce0000 rw-p 00000000 00:00 0 
75ce0000-75d13000 r-xp 00000000 fd:00 49290426   /usr/lib/xulrunner-last/libssl3.so
75d13000-75d15000 rw-p 00033000 fd:00 49290426   /usr/lib/xulrunner-last/libssl3.so
75d15000-75d3c000 r-xp 00000000 fd:00 49290428   /usr/lib/xulrunner-last/libsmime3.so
75d3c000-75d3e000 rw-p 00027000 fd:00 49290428   /usr/lib/xulrunner-last/libsmime3.so
75d3e000-75d5c000 r-xp 00000000 fd:00 49290439   /usr/lib/xulrunner-last/libmozjs.so
75d5c000-75d7a000 ---p 0001e000 fd:00 49290439   /usr/lib/xulrunner-last/libmozjs.so
75d7a000-7621c000 r-xp 0001e000 fd:00 49290439   /usr/lib/xulrunner-last/libmozjs.so
7621c000-762a9000 rw-p 004bf000 fd:00 49290439   /usr/lib/xulrunner-last/libmozjs.so
762a9000-762c9000 rw-p 00000000 00:00 0 
762c9000-762cc000 ---p 00000000 00:00 0 
762cc000-7631a000 rw-p 00000000 00:00 0          [stack:10082]
7631a000-7631d000 ---p 00000000 00:00 0 
7631d000-7636b000 rw-p 00000000 00:00 0          [stack:10081]
7636b000-7636e000 ---p 00000000 00:00 0 
7636e000-763bc000 rw-p 00000000 00:00 0          [stack:10080]
763bc000-763bf000 ---p 00000000 00:00 0 
763bf000-7640d000 rw-p 00000000 00:00 0 
7640d000-76410000 ---p 00000000 00:00 0 
76410000-7645e000 rw-p 00000000 00:00 0 
7645e000-76461000 ---p 00000000 00:00 0 
76461000-764af000 rw-p 00000000 00:00 0 
764af000-764b2000 ---p 00000000 00:00 0 
764b2000-76500000 rw-p 00000000 00:00 0 
76552000-765dd000 r-xp 00000000 fd:00 49290414   /usr/lib/xulrunner-last/libmozsqlite3.so
765dd000-765df000 rw-p 0008a000 fd:00 49290414   /usr/lib/xulrunner-last/libmozsqlite3.so
765df000-765e0000 rw-p 00000000 00:00 0 
7660d000-76610000 ---p 00000000 00:00 0 
76610000-7665e000 rw-p 00000000 00:00 0 
7665e000-76661000 ---p 00000000 00:00 0 
76661000-766af000 rw-p 00000000 00:00 0 
766af000-766b2000 ---p 00000000 00:00 0 
766b2000-76700000 rw-p 00000000 00:00 0 
76700000-767be000 rw-p 00000000 00:00 0 
767be000-76800000 ---p 00000000 00:00 0 
76818000-76830000 r-xp 00000000 fd:00 30933224   /tmp/swtlib-32/libswt-mozilla-gtk-3655.so
76830000-76831000 rw-p 00018000 fd:00 30933224   /tmp/swtlib-32/libswt-mozilla-gtk-3655.so
76831000-76832000 r-xp 00000000 fd:00 49157638   /usr/lib/gdk-pixbuf-2.0/2.10.0/loaders/libpixbufloader-svg.so
76832000-76833000 r--p 00001000 fd:00 49157638   /usr/lib/gdk-pixbuf-2.0/2.10.0/loaders/libpixbufloader-svg.so
76833000-76834000 rw-p 00002000 fd:00 49157638   /usr/lib/gdk-pixbuf-2.0/2.10.0/loaders/libpixbufloader-svg.so
76834000-76835000 ---p 00000000 00:00 0 
76835000-77035000 rw-p 00000000 00:00 0 
77043000-77046000 ---p 00000000 00:00 0 
77046000-77094000 rw-p 00000000 00:00 0 
77094000-77097000 ---p 00000000 00:00 0 
77097000-770e5000 rw-p 00000000 00:00 0 
770e5000-770e8000 ---p 00000000 00:00 0 
770e8000-77136000 rw-p 00000000 00:00 0 
77136000-7713a000 r-xp 00000000 fd:00 48761748   /usr/lib/libORBitCosNaming-2.so.0.1.0
7713a000-7713b000 rw-p 00004000 fd:00 48761748   /usr/lib/libORBitCosNaming-2.so.0.1.0
7713b000-7718e000 r-xp 00000000 fd:00 48763899   /usr/lib/libORBit-2.so.0.1.0
7718e000-77198000 rw-p 00052000 fd:00 48763899   /usr/lib/libORBit-2.so.0.1.0
77198000-771fd000 r-xp 00000000 fd:00 48775895   /usr/lib/libgnomevfs-2.so.0.2400.4
771fd000-77200000 rw-p 00065000 fd:00 48775895   /usr/lib/libgnomevfs-2.so.0.2400.4
77200000-77227000 rw-p 00000000 00:00 0 
77227000-77300000 ---p 00000000 00:00 0 
77311000-77316000 r--s 00040000 fd:00 20318333   /export/home/joshis1/Foxtel/eclipse/plugins/org.eclipse.equinox.p2.publisher_1.1.2.v20100824-2220.jar
77316000-7731c000 r--s 00049000 fd:00 20318205   /export/home/joshis1/Foxtel/eclipse/plugins/org.apache.commons.httpclient_3.1.0.v20080605-1935.jar
7731c000-77326000 r--s 00071000 fd:00 20317489   /export/home/joshis1/Foxtel/eclipse/plugins/org.eclipse.equinox.p2.ui_2.0.0.v20100518.jar
77326000-77332000 r--s 0006c000 fd:00 20318235   /export/home/joshis1/Foxtel/eclipse/plugins/org.eclipse.cdt.debug.core_7.0.0.201009141542.jar
77332000-77349000 r--s 000db000 fd:00 20318103   /export/home/joshis1/Foxtel/eclipse/plugins/org.eclipse.cdt.debug.ui_7.0.0.201009141542.jar
77349000-7734c000 ---p 00000000 00:00 0 
7734c000-7739a000 rw-p 00000000 00:00 0          [stack:9786]
7739a000-773d4000 r--p 00000000 fd:00 49287305   /usr/share/fonts/dejavu/DejaVuSansMono-BoldOblique.ttf
773d4000-77410000 r--p 00000000 fd:00 49287306   /usr/share/fonts/dejavu/DejaVuSansMono-Oblique.ttf
77410000-7745d000 r--p 00000000 fd:00 49287304   /usr/share/fonts/dejavu/DejaVuSansMono-Bold.ttf
7745d000-774af000 r--p 00000000 fd:00 49287307   /usr/share/fonts/dejavu/DejaVuSansMono.ttf
774af000-774b2000 ---p 00000000 00:00 0 
774b2000-77500000 rw-p 00000000 00:00 0 
77500000-776e7000 rw-p 00000000 00:00 0 
776e7000-77700000 ---p 00000000 00:00 0 
77700000-77800000 rw-p 00000000 00:00 0 
77801000-77836000 r--s 00000000 fd:00 42598493   /var/db/nscd/group
77836000-7e146000 r--p 00000000 fd:00 50345810   /usr/share/icons/hicolor/icon-theme.cache
7e146000-82100000 r--p 00000000 fd:00 50475140   /usr/share/icons/gnome/icon-theme.cache
82100000-821fc000 rw-p 00000000 00:00 0 
821fc000-82200000 ---p 00000000 00:00 0 
82200000-82231000 r--s 00240000 fd:00 20317524   /export/home/joshis1/Foxtel/eclipse/plugins/org.eclipse.debug.ui_3.6.1.v20100901_r361.jar
82231000-82234000 ---p 00000000 00:00 0 
82234000-82282000 rw-p 00000000 00:00 0          [stack:9854]
82282000-82285000 ---p 00000000 00:00 0 
82285000-822d3000 rw-p 00000000 00:00 0          [stack:9804]
822d3000-822fe000 r-xp 00000000 fd:00 48762800   /usr/lib/libbluray.so.0.0.0
822fe000-822ff000 r--p 0002b000 fd:00 48762800   /usr/lib/libbluray.so.0.0.0
822ff000-82300000 rw-p 0002c000 fd:00 48762800   /usr/lib/libbluray.so.0.0.0
82300000-82395000 rw-p 00000000 00:00 0 
82395000-82400000 ---p 00000000 00:00 0 
82404000-8240c000 r--s 00000000 fd:00 54825969   /home2/joshis1/.local/share/gvfs-metadata/root-de63e020.log
8240c000-82417000 r--s 00000000 fd:00 54823120   /home2/joshis1/.local/share/gvfs-metadata/root
82417000-82424000 r--s 000a6000 fd:00 20318100   /export/home/joshis1/Foxtel/eclipse/plugins/org.eclipse.compare_3.5.100.I20100526-0800.jar
82424000-82459000 r--s 00000000 fd:00 42598489   /var/db/nscd/hosts
82459000-8245c000 ---p 00000000 00:00 0 
8245c000-824aa000 rw-p 00000000 00:00 0          [stack:9510]
824af000-824b2000 ---p 00000000 00:00 0 
824b2000-82500000 rw-p 00000000 00:00 0          [stack:9509]
82500000-82600000 rw-p 00000000 00:00 0 
82600000-8260a000 r--s 0006e000 fd:00 20318246   /export/home/joshis1/Foxtel/eclipse/plugins/org.eclipse.help.ui_3.5.2.r36_v20100702.jar
8260a000-8261d000 r-xp 00000000 fd:00 49158031   /usr/lib/gio/modules/libgioremote-volume-monitor.so
8261d000-8261e000 r--p 00012000 fd:00 49158031   /usr/lib/gio/modules/libgioremote-volume-monitor.so
8261e000-8261f000 rw-p 00013000 fd:00 49158031   /usr/lib/gio/modules/libgioremote-volume-monitor.so
82624000-82629000 r--s 00034000 fd:00 20318172   /export/home/joshis1/Foxtel/eclipse/plugins/org.eclipse.epp.mpc.ui_1.0.1.v20100826-2143.jar
82629000-8262d000 r--s 00017000 fd:00 20317567   /export/home/joshis1/Foxtel/eclipse/plugins/org.eclipse.mylyn.team.ui_3.4.2.v20100909-0100-e3x.jar
8262d000-82630000 r--s 00018000 fd:00 20317484   /export/home/joshis1/Foxtel/eclipse/plugins/org.eclipse.mylyn.context.core_3.4.1.v20100909-0100-e3x.jar
82630000-82634000 r--s 00021000 fd:00 20318199   /export/home/joshis1/Foxtel/eclipse/plugins/org.eclipse.equinox.p2.ui.discovery_1.0.0.v20100519.jar
8263a000-8263d000 r-xp 00000000 fd:00 50342136   /usr/lib/xulrunner/libxpcom.so
8263d000-8263e000 rw-p 00003000 fd:00 50342136   /usr/lib/xulrunner/libxpcom.so
8263e000-82646000 r--s 0004c000 fd:00 20318102   /export/home/joshis1/Foxtel/eclipse/plugins/org.eclipse.debug.core_3.6.0.v20100519.jar
82647000-8264e000 r--s 0005b000 fd:00 20318184   /export/home/joshis1/Foxtel/eclipse/plugins/org.eclipse.help.base_3.5.2.v201009090800.jar
8264e000-82650000 r--s 00007000 fd:00 20318340   /export/home/joshis1/Foxtel/eclipse/plugins/org.eclipse.core.variables_3.2.400.v20100505.jar
82650000-82653000 r--s 0000a000 fd:00 20317543   /export/home/joshis1/Foxtel/eclipse/plugins/org.eclipse.mylyn.monitor.ui_3.4.0.v20100608-0100-e3x.jar
82656000-8265b000 r-xp 00000000 fd:00 57935783   /home2/joshis1/.eclipse/org.eclipse.platform_3.6.1_1674757802/configuration/org.eclipse.osgi/bundles/197/1/.cp/libswt-xpcominit-gtk-3655.so
8265b000-8265d000 rw-p 00005000 fd:00 57935783   /home2/joshis1/.eclipse/org.eclipse.platform_3.6.1_1674757802/configuration/org.eclipse.osgi/bundles/197/1/.cp/libswt-xpcominit-gtk-3655.so
8265d000-82679000 r--s 00141000 fd:00 20317542   /export/home/joshis1/Foxtel/eclipse/plugins/org.eclipse.team.ui_3.5.101.R36x_v20100825-0800.jar
82679000-8267c000 r--s 00018000 fd:00 20317501   /export/home/joshis1/Foxtel/eclipse/plugins/org.eclipse.equinox.p2.metadata.repository_1.1.0.v20100513.jar
8267c000-82680000 r--s 00014000 fd:00 20317562   /export/home/joshis1/Foxtel/eclipse/plugins/org.eclipse.ecf_3.1.0.v20100529-0735.jar
82682000-82686000 r--s 00021000 fd:00 20318180   /export/home/joshis1/Foxtel/eclipse/plugins/org.eclipse.equinox.p2.repository_2.0.1.R36x_v20100823.jar
82686000-8268e000 r--s 00049000 fd:00 20318191   /export/home/joshis1/Foxtel/eclipse/plugins/org.eclipse.equinox.p2.metadata_2.0.0.v20100601.jar
8268e000-82692000 r--s 00028000 fd:00 20317569   /export/home/joshis1/Foxtel/eclipse/plugins/org.eclipse.equinox.p2.engine_2.0.0.v20100606.jar
82692000-8269c000 r--s 00084000 fd:00 20318334   /export/home/joshis1/Foxtel/eclipse/plugins/org.eclipse.team.cvs.core_3.3.300.I20100526-0800.jar
8269c000-826b9000 r--s 0017a000 fd:00 20317531   /export/home/joshis1/Foxtel/eclipse/plugins/org.eclipse.team.cvs.ui_3.3.301.R36x_v20100825-0800.jar
826b9000-826bb000 r--s 0000b000 fd:00 20318241   /export/home/joshis1/Foxtel/eclipse/plugins/org.eclipse.equinox.p2.operations_2.0.0.v20100510.jar
826bb000-826bd000 r-xp 00000000 fd:00 49290412   /usr/lib/xulrunner-last/libmozalloc.so
826bd000-826be000 rw-p 00001000 fd:00 49290412   /usr/lib/xulrunner-last/libmozalloc.so
826be000-826c0000 r--s 0000a000 fd:00 20318292   /export/home/joshis1/Foxtel/eclipse/plugins/org.eclipse.epp.usagedata.recording_1.3.0.R201005261100.jar
826c2000-826c5000 ---p 00000000 00:00 0 
826c5000-82713000 rw-p 00000000 00:00 0          [stack:9507]
82713000-82716000 ---p 00000000 00:00 0 
82716000-82764000 rw-p 00000000 00:00 0          [stack:9506]
82764000-82767000 ---p 00000000 00:00 0 
82767000-827b5000 rw-p 00000000 00:00 0          [stack:9505]
827b5000-827b8000 ---p 00000000 00:00 0 
827b8000-82806000 rw-p 00000000 00:00 0          [stack:9504]
82808000-8280b000 ---p 00000000 00:00 0 
8280b000-82817000 rw-p 00000000 00:00 0          [stack:9806]
82817000-8281a000 ---p 00000000 00:00 0 
8281a000-82826000 rw-p 00000000 00:00 0 
82826000-82829000 r--s 00014000 fd:00 55970596   /usr/lib/jvm/java-1.7.0-openjdk-1.7.0.9/jre/lib/jce.jar
8282a000-8282c000 r--s 0000c000 fd:00 20318186   /export/home/joshis1/Foxtel/eclipse/plugins/org.apache.commons.codec_1.3.0.v20100106-1700.jar
8282c000-8282f000 r--s 0001c000 fd:00 20317558   /export/home/joshis1/Foxtel/eclipse/plugins/org.eclipse.ecf.provider.filetransfer_3.1.0.v20100529-0735.jar
8282f000-8288f000 rw-s 00000000 00:04 1998856    /SYSV00000000 (deleted)
8288f000-82891000 r--s 00012000 fd:00 20318239   /export/home/joshis1/Foxtel/eclipse/plugins/org.eclipse.equinox.p2.updatesite_1.0.201.R36x_v20100823.jar
82891000-8289b000 r--s 00066000 fd:00 20318224   /export/home/joshis1/Foxtel/eclipse/plugins/org.eclipse.ltk.ui.refactoring_3.5.0.v20100526-0800.jar
8289b000-8289f000 r--s 0001d000 fd:00 20318173   /export/home/joshis1/Foxtel/eclipse/plugins/org.eclipse.ui.externaltools_3.2.0.v20100427.jar
8289f000-828aa000 r--p 00000000 fd:00 49287302   /usr/share/fonts/abattis-cantarell/Cantarell-Bold.otf
828aa000-828af000 r--s 00044000 fd:00 20318220   /export/home/joshis1/Foxtel/eclipse/plugins/org.eclipse.ui.forms_3.5.2.r36_v20100702.jar
828af000-828b2000 ---p 00000000 00:00 0 
828b2000-82900000 rw-p 00000000 00:00 0          [stack:9472]
82900000-82a00000 rw-p 00000000 00:00 0 
82a00000-82a03000 r--s 0000e000 fd:00 20318203   /export/home/joshis1/Foxtel/eclipse/plugins/org.eclipse.osgi.services_3.2.100.v20100503.jar
82a03000-82a07000 r--s 00016000 fd:00 20317554   /export/home/joshis1/Foxtel/eclipse/plugins/org.eclipse.ui.views.properties.tabbed_3.5.100.I20100509-0800.jar
82a07000-82a0d000 r--s 00032000 fd:00 20318277   /export/home/joshis1/Foxtel/eclipse/plugins/org.eclipse.mylyn.context.ui_3.4.1.v20100909-0100-e3x.jar
82a0d000-82a0f000 r--s 00003000 fd:00 20318278   /export/home/joshis1/Foxtel/eclipse/plugins/org.eclipse.ecf.provider.filetransfer.httpclient.ssl_1.0.0.v20100529-0735.jar
82a0f000-82a12000 r-xp 00000000 fd:00 48759776   /usr/lib/libavahi-glib.so.1.0.2
82a12000-82a13000 r--p 00002000 fd:00 48759776   /usr/lib/libavahi-glib.so.1.0.2
82a13000-82a14000 rw-p 00003000 fd:00 48759776   /usr/lib/libavahi-glib.so.1.0.2
82a14000-82a3e000 r-xp 00000000 fd:00 49158032   /usr/lib/gio/modules/libgvfsdbus.so
82a3e000-82a3f000 r--p 00029000 fd:00 49158032   /usr/lib/gio/modules/libgvfsdbus.so
82a3f000-82a40000 rw-p 0002a000 fd:00 49158032   /usr/lib/gio/modules/libgvfsdbus.so
82a40000-82a47000 r--s 00048000 fd:00 20317492   /export/home/joshis1/Foxtel/eclipse/plugins/org.eclipse.ltk.core.refactoring_3.5.100.v20100526-0800.jar
82a47000-82a57000 r--s 0010a000 fd:00 20318185   /export/home/joshis1/Foxtel/eclipse/plugins/org.eclipse.cdt.managedbuilder.core_7.0.1.201009141542.jar
82a57000-82a60000 r--s 0005c000 fd:00 20317530   /export/home/joshis1/Foxtel/eclipse/plugins/org.eclipse.cdt.make.core_7.0.0.201009141542.jar
82a60000-82a63000 r--s 00019000 fd:00 20317510   /export/home/joshis1/Foxtel/eclipse/plugins/org.eclipse.core.filebuffers_3.5.100.v20100520-0800.jar
82a63000-82aab000 r--s 003db000 fd:00 20318288   /export/home/joshis1/Foxtel/eclipse/plugins/org.eclipse.cdt.core_5.2.1.201009141542.jar
82aab000-82ab7000 r--s 00082000 fd:00 20318339   /export/home/joshis1/Foxtel/eclipse/plugins/org.eclipse.ui.workbench.texteditor_3.6.1.r361_v20100714-0800.jar
82ab7000-82abc000 r--s 00038000 fd:00 20318233   /export/home/joshis1/Foxtel/eclipse/plugins/org.eclipse.text_3.5.0.v20100601-1300.jar
82abc000-82ac7000 r--s 0007d000 fd:00 20318217   /export/home/joshis1/Foxtel/eclipse/plugins/org.eclipse.ui.editors_3.6.1.r361_v20100825-0800.jar
82ac7000-82ada000 r--s 000dc000 fd:00 20317493   /export/home/joshis1/Foxtel/eclipse/plugins/org.eclipse.jface.text_3.6.1.r361_v20100825-0800.jar
82ada000-82ae3000 r--s 0005a000 fd:00 20318188   /export/home/joshis1/Foxtel/eclipse/plugins/org.eclipse.ui.navigator_3.5.0.I20100601-0800.jar
82ae3000-82aec000 r--s 00064000 fd:00 20318300   /export/home/joshis1/Foxtel/eclipse/plugins/org.eclipse.cdt.make.ui_7.0.0.201009141542.jar
82aec000-82b3d000 r--s 00467000 fd:00 20318290   /export/home/joshis1/Foxtel/eclipse/plugins/org.eclipse.cdt.ui_5.2.1.201009141542.jar
82b3d000-82b41000 r--s 00024000 fd:00 20318176   /export/home/joshis1/Foxtel/eclipse/plugins/org.eclipse.ui.console_3.5.0.v20100526.jar
82b41000-82b4a000 r--s 00069000 fd:00 20318227   /export/home/joshis1/Foxtel/eclipse/plugins/org.eclipse.search_3.6.0.v20100520-0800.jar
82b4a000-82b69000 r--s 0016b000 fd:00 20318192   /export/home/joshis1/Foxtel/eclipse/plugins/org.eclipse.mylyn.tasks.ui_3.4.2.v20100902-0100-e3x.jar
82b69000-82b6c000 r--s 00013000 fd:00 20317504   /export/home/joshis1/Foxtel/eclipse/plugins/org.eclipse.ui.views_3.5.0.I20100527-0800.jar
82b6c000-82b70000 r--s 0001a000 fd:00 20318287   /export/home/joshis1/Foxtel/eclipse/plugins/org.eclipse.ui.navigator.resources_3.4.201.M20100707-0800.jar
82b70000-82b7a000 r-xp 00000000 fd:00 57934219   /home2/joshis1/.eclipse/org.eclipse.platform_3.6.1_1674757802/configuration/org.eclipse.osgi/bundles/197/1/.cp/libswt-cairo-gtk-3655.so
82b7a000-82b7b000 rw-p 00009000 fd:00 57934219   /home2/joshis1/.eclipse/org.eclipse.platform_3.6.1_1674757802/configuration/org.eclipse.osgi/bundles/197/1/.cp/libswt-cairo-gtk-3655.so
82b7b000-82b7e000 rw-s 00000000 00:04 1966087    /SYSV00000000 (deleted)
82b7f000-82b86000 r--s 00000000 fd:00 49154176   /usr/lib/gconv/gconv-modules.cache
82b86000-82b9c000 r-xp 00000000 fd:00 48776956   /usr/lib/libgvfscommon.so.0.0.0
82b9c000-82b9d000 r--p 00015000 fd:00 48776956   /usr/lib/libgvfscommon.so.0.0.0
82b9d000-82b9e000 rw-p 00016000 fd:00 48776956   /usr/lib/libgvfscommon.so.0.0.0
82b9e000-82ba1000 ---p 00000000 00:00 0 
82ba1000-82bef000 rw-p 00000000 00:00 0          [stack:9503]
82bf0000-82bf3000 r-xp 00000000 fd:00 57936106   /home2/joshis1/.eclipse/org.eclipse.platform_3.6.1_1674757802/configuration/org.eclipse.osgi/bundles/197/1/.cp/libswt-gnome-gtk-3655.so
82bf3000-82bf4000 rw-p 00002000 fd:00 57936106   /home2/joshis1/.eclipse/org.eclipse.platform_3.6.1_1674757802/configuration/org.eclipse.osgi/bundles/197/1/.cp/libswt-gnome-gtk-3655.so
82bf4000-82bf7000 r-xp 00000000 fd:00 57935879   /home2/joshis1/.eclipse/org.eclipse.platform_3.6.1_1674757802/configuration/org.eclipse.osgi/bundles/25/1/.cp/os/linux/x86/libspawner.so
82bf7000-82bf8000 rw-p 00002000 fd:00 57935879   /home2/joshis1/.eclipse/org.eclipse.platform_3.6.1_1674757802/configuration/org.eclipse.osgi/bundles/25/1/.cp/os/linux/x86/libspawner.so
82bf8000-82c00000 r--s 0005a000 fd:00 20317548   /export/home/joshis1/Foxtel/eclipse/plugins/org.eclipse.cdt.managedbuilder.ui_7.0.0.201009141542.jar
82c00000-82cfc000 rw-p 00000000 00:00 0 
82cfc000-82d00000 ---p 00000000 00:00 0 
82d00000-82e00000 rw-p 00000000 00:00 0 
82e00000-82efa000 rw-p 00000000 00:00 0 
82efa000-82f00000 ---p 00000000 00:00 0 
82f01000-82f03000 r--s 00001000 fd:00 57934227   /home2/joshis1/.eclipse/org.eclipse.platform_3.6.1_1674757802/configuration/org.eclipse.osgi/bundles/24/1/.cp/cdt_linux.jar
82f04000-82f06000 r--s 0000a000 fd:00 20317488   /export/home/joshis1/Foxtel/eclipse/plugins/org.eclipse.cdt.managedbuilder.gnu.ui_7.0.0.201009141542.jar
82f06000-82f09000 r--s 0000e000 fd:00 20317485   /export/home/joshis1/Foxtel/eclipse/plugins/org.eclipse.epp.mpc.core_1.0.0.v20100826-2143.jar
82f09000-82f0d000 r--s 00017000 fd:00 20318336   /export/home/joshis1/Foxtel/eclipse/plugins/org.eclipse.core.commands_3.6.0.I20100512-1500.jar
82f0d000-82f10000 ---p 00000000 00:00 0 
82f10000-82f5e000 rw-p 00000000 00:00 0          [stack:9462]
82f5e000-82f61000 r--s 00013000 fd:00 20317552   /export/home/joshis1/Foxtel/eclipse/plugins/org.eclipse.mylyn.tasks.bugs_3.4.1.v20100823-0100-e3x.jar
82f61000-82f64000 ---p 00000000 00:00 0 
82f64000-82fb2000 rw-p 00000000 00:00 0          [stack:9502]
82fb2000-82fbb000 r--s 00056000 fd:00 20318337   /export/home/joshis1/Foxtel/eclipse/plugins/org.eclipse.team.core_3.5.100.R36x_v20100825-0800.jar
82fbb000-82fdc000 r--s 00607000 fd:00 20318281   /export/home/joshis1/Foxtel/eclipse/plugins/com.ibm.icu_4.2.1.v20100412.jar
82fdd000-82fdf000 r--s 00005000 fd:00 20318253   /export/home/joshis1/Foxtel/eclipse/plugins/org.eclipse.team.cvs.ssh2_3.2.300.I20100526-0800.jar
82fdf000-82fe4000 r--s 00031000 fd:00 20318243   /export/home/joshis1/Foxtel/eclipse/plugins/org.eclipse.cdt.launch_6.1.0.201009141542.jar
82fe4000-82fe6000 r--s 00007000 fd:00 20318296   /export/home/joshis1/Foxtel/eclipse/plugins/org.eclipse.equinox.p2.discovery_1.0.0.v20100503.jar
82fe6000-82fe8000 r--s 00011000 fd:00 20318272   /export/home/joshis1/Foxtel/eclipse/plugins/org.eclipse.equinox.util_1.0.200.v20100503.jar
82fe8000-82fea000 r--s 0000f000 fd:00 20317491   /export/home/joshis1/Foxtel/eclipse/plugins/org.eclipse.ecf.provider.filetransfer.httpclient_4.0.0.v20100529-0735.jar
82fea000-82fec000 r--s 0000c000 fd:00 20318242   /export/home/joshis1/Foxtel/eclipse/plugins/org.eclipse.ecf.identity_3.1.0.v20100529-0735.jar
82fec000-82fef000 r--s 00014000 fd:00 20317500   /export/home/joshis1/Foxtel/eclipse/plugins/org.eclipse.core.contenttype_3.4.100.v20100505-1235.jar
82fef000-82ff1000 r-xp 00000000 fd:00 57935862   /home2/joshis1/.eclipse/org.eclipse.platform_3.6.1_1674757802/configuration/org.eclipse.osgi/bundles/63/1/.cp/os/linux/x86/libunixfile_1_0_0.so
82ff1000-82ff2000 rw-p 00001000 fd:00 57935862   /home2/joshis1/.eclipse/org.eclipse.platform_3.6.1_1674757802/configuration/org.eclipse.osgi/bundles/63/1/.cp/os/linux/x86/libunixfile_1_0_0.so
82ff2000-82ffc000 r--s 00263000 fd:00 55970611   /usr/lib/jvm/java-1.7.0-openjdk-1.7.0.9/jre/lib/resources.jar
82ffc000-82ffe000 r--s 0000b000 fd:00 20317557   /export/home/joshis1/Foxtel/eclipse/plugins/org.eclipse.core.filesystem_1.3.1.R36x_v20100727-0745.jar
82ffe000-83009000 r--s 000b1000 fd:00 20317511   /export/home/joshis1/Foxtel/eclipse/plugins/org.eclipse.core.resources_3.6.0.R36x_v20100825-0600.jar
83009000-830ae000 r--p 00000000 fd:00 49287063   /usr/share/fonts/dejavu/DejaVuSans-Bold.ttf
830ae000-830b7000 r-xp 00000000 fd:00 20447446   /export/home/joshis1/Foxtel/eclipse/configuration/org.eclipse.osgi/bundles/197/1/.cp/libswt-atk-gtk-3655.so
830b7000-830b8000 rw-p 00008000 fd:00 20447446   /export/home/joshis1/Foxtel/eclipse/configuration/org.eclipse.osgi/bundles/197/1/.cp/libswt-atk-gtk-3655.so
830b8000-830be000 r-xp 00000000 fd:00 49155711   /usr/lib/gdk-pixbuf-2.0/2.10.0/loaders/libpixbufloader-gif.so
830be000-830bf000 r--p 00005000 fd:00 49155711   /usr/lib/gdk-pixbuf-2.0/2.10.0/loaders/libpixbufloader-gif.so
830bf000-830c0000 rw-p 00006000 fd:00 49155711   /usr/lib/gdk-pixbuf-2.0/2.10.0/loaders/libpixbufloader-gif.so
830c0000-830e6000 r--s 0020a000 fd:00 20318302   /export/home/joshis1/Foxtel/eclipse/plugins/org.eclipse.ui.ide_3.6.1.M20100825-0800.jar
830e6000-830f0000 r--p 00000000 fd:00 49287303   /usr/share/fonts/abattis-cantarell/Cantarell-Regular.otf
830f0000-83100000 r--s 00000000 fd:00 42601548   /var/cache/fontconfig/0065749533e94eec1d289b9deb9b96d0-le32d4.cache-3
83100000-83121000 rw-p 00000000 00:00 0 
83121000-83200000 ---p 00000000 00:00 0 
83200000-83201000 r--s 00000000 fd:00 42600639   /var/cache/fontconfig/87f5e051180a7a75f16eb6fe7dbd3749-le32d4.cache-3
83201000-83207000 r--s 00000000 fd:00 42600637   /var/cache/fontconfig/b79f3aaa7d385a141ab53ec885cc22a8-le32d4.cache-3
83207000-83260000 r-xp 00000000 fd:00 20447436   /export/home/joshis1/Foxtel/eclipse/configuration/org.eclipse.osgi/bundles/197/1/.cp/libswt-pi-gtk-3655.so
83260000-83262000 rw-p 00058000 fd:00 20447436   /export/home/joshis1/Foxtel/eclipse/configuration/org.eclipse.osgi/bundles/197/1/.cp/libswt-pi-gtk-3655.so
83262000-83263000 rw-p 00000000 00:00 0 
83263000-83266000 r-xp 00000000 fd:00 20447435   /export/home/joshis1/Foxtel/eclipse/configuration/org.eclipse.osgi/bundles/197/1/.cp/libswt-gtk-3655.so
83266000-83267000 rw-p 00002000 fd:00 20447435   /export/home/joshis1/Foxtel/eclipse/configuration/org.eclipse.osgi/bundles/197/1/.cp/libswt-gtk-3655.so
83267000-83268000 rw-p 00000000 00:00 0 
83268000-832af000 r--s 003ab000 fd:00 20317566   /export/home/joshis1/Foxtel/eclipse/plugins/org.eclipse.ui.workbench_3.6.1.M20100826-1330.jar
832af000-832b2000 ---p 00000000 00:00 0 
832b2000-83300000 rw-p 00000000 00:00 0          [stack:9459]
83300000-833fe000 rw-p 00000000 00:00 0 
833fe000-83400000 ---p 00000000 00:00 0 
83400000-83421000 rw-p 00000000 00:00 0 
83421000-83500000 ---p 00000000 00:00 0 
83500000-8358f000 rw-p 00000000 00:00 0 
8358f000-83600000 ---p 00000000 00:00 0 
83600000-83601000 r--s 00003000 fd:00 20317555   /export/home/joshis1/Foxtel/eclipse/plugins/org.eclipse.cdt.core.linux.x86_5.2.0.201009141542.jar
83601000-83602000 r--s 00003000 fd:00 20318248   /export/home/joshis1/Foxtel/eclipse/plugins/org.eclipse.cdt.core.linux_5.2.0.201009141542.jar
83602000-83603000 r--s 00000000 fd:00 42601544   /var/cache/fontconfig/afda88ba2c9de689dfd6d8c6d2e4e427-le32d4.cache-3
83603000-83604000 r--s 00000000 fd:00 42601550   /var/cache/fontconfig/c25f174be0e642a5b89dcf759df7168e-le32d4.cache-3
83604000-8360d000 r--s 00000000 fd:00 42601546   /var/cache/fontconfig/614d1caaa4d7914789410f6367de37ca-le32d4.cache-3
8360d000-83610000 ---p 00000000 00:00 0 
83610000-8365e000 rw-p 00000000 00:00 0          [stack:9458]
8365e000-83661000 ---p 00000000 00:00 0 
83661000-836af000 rw-p 00000000 00:00 0          [stack:9460]
836af000-836b2000 ---p 00000000 00:00 0 
836b2000-83700000 rw-p 00000000 00:00 0          [stack:9456]
83700000-83721000 rw-p 00000000 00:00 0 
83721000-83800000 ---p 00000000 00:00 0 
83800000-838fb000 rw-p 00000000 00:00 0 
838fb000-83900000 ---p 00000000 00:00 0 
83900000-83921000 rw-p 00000000 00:00 0 
83921000-83a00000 ---p 00000000 00:00 0 
83a00000-83a21000 rw-p 00000000 00:00 0 
83a21000-83b00000 ---p 00000000 00:00 0 
83b00000-83b01000 r--s 00000000 fd:00 42601542   /var/cache/fontconfig/30b9c3e04f780095e7cb0ae44a315810-le32d4.cache-3
83b01000-83b02000 r--s 00000000 fd:00 42600635   /var/cache/fontconfig/6fcb01a03a016cc71057b587cdea6709-le32d4.cache-3
83b02000-83b04000 r--s 00000000 fd:00 42599451   /var/cache/fontconfig/cfde08ab28ad1d91784abb10973575e3-le32d4.cache-3
83b04000-83b07000 r--s 00000000 fd:00 42600634   /var/cache/fontconfig/b67b32625a2bb51b023d3814a918f351-le32d4.cache-3
83b07000-83b08000 r--s 00000000 fd:00 42601549   /var/cache/fontconfig/b0f1fd707abb08ca1ec322b03e6de149-le32d4.cache-3
83b08000-83b09000 r--s 00000000 fd:00 42601543   /var/cache/fontconfig/faf848137f773a1feecbeea04842cd53-le32d4.cache-3
83b09000-83b10000 r--s 00000000 fd:00 42600633   /var/cache/fontconfig/12b26b760a24f8b4feb03ad48a333a72-le32d4.cache-3
83b10000-83b1d000 r--s 00000000 fd:00 42600632   /var/cache/fontconfig/74717c444f6fd72454fa9c9c0ee01ca7-le32d4.cache-3
83b1d000-83b1e000 r--s 00000000 fd:00 42600631   /var/cache/fontconfig/3640555adad8a8f6978400293cfce7ab-le32d4.cache-3
83b1e000-83b21000 r--s 00000000 fd:00 42600642   /var/cache/fontconfig/beeeeb3dfe132a8a0633a017c99ce0c0-le32d4.cache-3
83b21000-83b25000 rwxp 00000000 00:00 0 
83b25000-83b29000 r--s 0003b000 fd:00 20318098   /export/home/joshis1/Foxtel/eclipse/plugins/org.eclipse.help_3.5.0.v20100524.jar
83b29000-83b2e000 r--s 00021000 fd:00 20317541   /export/home/joshis1/Foxtel/eclipse/plugins/org.eclipse.ui_3.6.1.M20100826-1330.jar
83b2e000-83b31000 ---p 00000000 00:00 0 
83b31000-83b7f000 rw-p 00000000 00:00 0          [stack:9455]
83b7f000-83b80000 ---p 00000000 00:00 0 
83b80000-83c00000 rw-p 00000000 00:00 0          [stack:9453]
83c00000-83cfa000 rw-p 00000000 00:00 0 
83cfa000-83d00000 ---p 00000000 00:00 0 
83d00000-83d21000 rw-p 00000000 00:00 0 
83d21000-83e00000 ---p 00000000 00:00 0 
83e00000-83e01000 r--s 00002000 fd:00 20318195   /export/home/joshis1/Foxtel/eclipse/plugins/org.eclipse.core.filesystem.linux.x86_1.4.0.v20100505-1235.jar
83e01000-83e16000 r--s 00212000 fd:00 20317547   /export/home/joshis1/Foxtel/eclipse/plugins/org.eclipse.swt.gtk.linux.x86_3.6.1.v3655c.jar
83e16000-83e17000 r--s 00004000 fd:00 20317486   /export/home/joshis1/Foxtel/eclipse/plugins/org.eclipse.swt_3.6.1.v3655c.jar
83e17000-83e2c000 r--s 000f1000 fd:00 20318303   /export/home/joshis1/Foxtel/eclipse/plugins/org.eclipse.jface_3.6.1.M20100825-0800.jar
83e2c000-83e2e000 r--s 00001000 fd:00 20317516   /export/home/joshis1/Foxtel/eclipse/plugins/org.eclipse.ui.workbench.compatibility_3.2.100.I20100511-0800/compatibility.jar
83e2e000-83e31000 ---p 00000000 00:00 0 
83e31000-83e7f000 rw-p 00000000 00:00 0          [stack:9454]
83e7f000-83e82000 ---p 00000000 00:00 0 
83e82000-83f00000 rw-p 00000000 00:00 0          [stack:9451]
83f00000-83f21000 rw-p 00000000 00:00 0 
83f21000-84000000 ---p 00000000 00:00 0 
84000000-84021000 rw-p 00000000 00:00 0 
84021000-84100000 ---p 00000000 00:00 0 
84100000-84102000 r--s 0000e000 fd:00 20317483   /export/home/joshis1/Foxtel/eclipse/plugins/org.eclipse.mylyn.resources.ui_3.4.1.v20100909-0100-e3x.jar
84102000-84105000 r--s 0000e000 fd:00 20317527   /export/home/joshis1/Foxtel/eclipse/plugins/org.eclipse.equinox.p2.core_2.0.2.R36x_v20100804.jar
84105000-84108000 r--s 0000a000 fd:00 20318170   /export/home/joshis1/Foxtel/eclipse/plugins/org.eclipse.ecf.filetransfer_4.0.0.v20100529-0735.jar
84108000-8410a000 r--s 00008000 fd:00 20318284   /export/home/joshis1/Foxtel/eclipse/plugins/org.eclipse.equinox.p2.ui.sdk_1.0.100.v20100513.jar
8410a000-8410d000 r--s 00014000 fd:00 20318202   /export/home/joshis1/Foxtel/eclipse/plugins/org.eclipse.core.jobs_3.5.1.R36x_v20100824.jar
8410d000-84110000 ---p 00000000 00:00 0 
84110000-8415e000 rw-p 00000000 00:00 0          [stack:9452]
8415e000-84161000 ---p 00000000 00:00 0 
84161000-841af000 rw-p 00000000 00:00 0          [stack:9450]
841af000-841b2000 ---p 00000000 00:00 0 
841b2000-84200000 rw-p 00000000 00:00 0          [stack:9449]
84200000-842ff000 rw-p 00000000 00:00 0 
842ff000-84300000 ---p 00000000 00:00 0 
84300000-84301000 r--p 00000000 00:00 0 
84302000-84304000 r--s 00001000 fd:00 20318309   /export/home/joshis1/Foxtel/eclipse/plugins/org.eclipse.ecf.provider.filetransfer.ssl_1.0.0.v20100529-0735.jar
84305000-84306000 r--s 00002000 fd:00 20318255   /export/home/joshis1/Foxtel/eclipse/plugins/org.eclipse.core.runtime.compatibility.registry_3.3.0.v20100520/runtime_registry_compatibility.jar
84306000-8430a000 r--s 00029000 fd:00 20318226   /export/home/joshis1/Foxtel/eclipse/plugins/org.eclipse.equinox.registry_3.5.0.v20100503.jar
8430b000-8430d000 r--s 00010000 fd:00 20318196   /export/home/joshis1/Foxtel/eclipse/plugins/org.eclipse.core.runtime_3.6.0.v20100505.jar
8430d000-8430f000 r--s 00007000 fd:00 20318269   /export/home/joshis1/Foxtel/eclipse/plugins/org.eclipse.equinox.p2.extensionlocation_1.2.0.v20100518.jar
8430f000-84311000 r--s 0000e000 fd:00 20317499   /export/home/joshis1/Foxtel/eclipse/plugins/org.eclipse.compare.core_3.5.100.I20100526-0800.jar
84311000-84313000 r--s 00010000 fd:00 20317505   /export/home/joshis1/Foxtel/eclipse/plugins/org.eclipse.cdt.mylyn.ui_1.1.3.v20100909-0100-e3x.jar
84313000-84324000 r-xp 00000000 fd:00 55970569   /usr/lib/jvm/java-1.7.0-openjdk-1.7.0.9/jre/lib/i386/libnio.so
84324000-84325000 rw-p 00010000 fd:00 55970569   /usr/lib/jvm/java-1.7.0-openjdk-1.7.0.9/jre/lib/i386/libnio.so
84325000-8433b000 r-xp 00000000 fd:00 55970568   /usr/lib/jvm/java-1.7.0-openjdk-1.7.0.9/jre/lib/i386/libnet.so
8433b000-8433c000 rw-p 00016000 fd:00 55970568   /usr/lib/jvm/java-1.7.0-openjdk-1.7.0.9/jre/lib/i386/libnet.so
8433c000-8434d000 r--s 00108000 fd:00 20318225   /export/home/joshis1/Foxtel/eclipse/plugins/org.eclipse.osgi_3.6.1.R36x_v20100806.jar
8434d000-84350000 ---p 00000000 00:00 0 
84350000-8439e000 rw-p 00000000 00:00 0          [stack:9448]
8439e000-8439f000 ---p 00000000 00:00 0 
8439f000-84467000 rw-p 00000000 00:00 0          [stack:9447]
84467000-84613000 r--s 03e6c000 fd:00 55970613   /usr/lib/jvm/java-1.7.0-openjdk-1.7.0.9/jre/lib/rt.jar
84613000-8462a000 rw-p 00000000 00:00 0 
8462a000-84694000 rw-p 00000000 00:00 0 
84694000-846e0000 rw-p 00000000 00:00 0 
846e0000-8473f000 rw-p 00000000 00:00 0 
8473f000-84765000 rw-p 00000000 00:00 0 
84765000-84794000 rw-p 00000000 00:00 0 
84794000-847e0000 rw-p 00000000 00:00 0 
847e0000-8483f000 rw-p 00000000 00:00 0 
8483f000-84856000 rw-p 00000000 00:00 0 
84856000-848bf000 rw-p 00000000 00:00 0 
848bf000-89400000 rw-p 00000000 00:00 0 
89400000-8f360000 rw-p 00000000 00:00 0 
8f360000-989b0000 rw-p 00000000 00:00 0 
989b0000-a48c0000 rw-p 00000000 00:00 0 
a48c0000-a7540000 rw-p 00000000 00:00 0 
a7540000-b48c0000 rw-p 00000000 00:00 0 
b48c0000-b48c1000 r--s 00001000 fd:00 20317559   /export/home/joshis1/Foxtel/eclipse/plugins/org.eclipse.epp.package.common_1.3.1.20100913-1228.jar
b48c1000-b48c2000 r--s 00002000 fd:00 20318193   /export/home/joshis1/Foxtel/eclipse/plugins/org.eclipse.ecf.ssl_1.0.0.v20100529-0735.jar
b48c2000-b48c4000 r--s 00017000 fd:00 20318282   /export/home/joshis1/Foxtel/eclipse/plugins/org.eclipse.equinox.common_3.6.0.v20100503.jar
b48c4000-b48cd000 r--s 00066000 fd:00 55970265   /usr/lib/jvm/java-1.7.0-openjdk-1.7.0.9/jre/lib/ext/gnome-java-bridge.jar
b48cd000-b48fb000 rw-p 00000000 00:00 0 
b48fb000-b494d000 rw-p 00000000 00:00 0 
b494d000-b54c5000 rwxp 00000000 00:00 0 
b54c5000-b694d000 rw-p 00000000 00:00 0 
b694d000-b6955000 r-xp 00000000 fd:00 55970579   /usr/lib/jvm/java-1.7.0-openjdk-1.7.0.9/jre/lib/i386/libzip.so
b6955000-b6956000 rw-p 00007000 fd:00 55970579   /usr/lib/jvm/java-1.7.0-openjdk-1.7.0.9/jre/lib/i386/libzip.so
b6956000-b697c000 r-xp 00000000 fd:00 55970556   /usr/lib/jvm/java-1.7.0-openjdk-1.7.0.9/jre/lib/i386/libjava.so
b697c000-b697d000 rw-p 00026000 fd:00 55970556   /usr/lib/jvm/java-1.7.0-openjdk-1.7.0.9/jre/lib/i386/libjava.so
b697d000-b6f2f000 r-xp 00000000 fd:00 55970540   /usr/lib/jvm/java-1.7.0-openjdk-1.7.0.9/jre/lib/i386/client/libjvm.so
b6f2f000-b6f54000 rw-p 005b1000 fd:00 55970540   /usr/lib/jvm/java-1.7.0-openjdk-1.7.0.9/jre/lib/i386/client/libjvm.so
b6f54000-b736d000 rw-p 00000000 00:00 0 
b736d000-b73cd000 rw-s 00000000 00:04 1933318    /SYSV00000000 (deleted)
b73cd000-b7430000 rw-p 00000000 00:00 0 
b7430000-b744f000 r-xp 00000000 fd:00 49290420   /usr/lib/xulrunner-last/libnssutil3.so
b744f000-b7453000 rw-p 0001e000 fd:00 49290420   /usr/lib/xulrunner-last/libnssutil3.so
b7453000-b74a0000 r-xp 00000000 fd:00 49290411   /usr/lib/xulrunner-last/libfreebl3.so
b74a0000-b74a1000 rw-p 0004d000 fd:00 49290411   /usr/lib/xulrunner-last/libfreebl3.so
b74a1000-b74a5000 rw-p 00000000 00:00 0 
b74a5000-b74a6000 r--s 0000a000 fd:00 20318171   /export/home/joshis1/Foxtel/eclipse/plugins/org.apache.commons.logging_1.0.4.v200904062259.jar
b74a6000-b74a7000 r--s 00008000 fd:00 20318310   /export/home/joshis1/Foxtel/eclipse/plugins/org.eclipse.mylyn.monitor.core_3.4.0.v20100608-0100-e3x.jar
b74a7000-b74ab000 r--s 000a1000 fd:00 55970598   /usr/lib/jvm/java-1.7.0-openjdk-1.7.0.9/jre/lib/jsse.jar
b74ab000-b74b3000 rw-s 00000000 fd:00 27398654   /tmp/hsperfdata_joshis1/9428
b74b3000-b74d2000 r--s 00000000 fd:00 49155221   /usr/share/mime/mime.cache
b74d2000-b74d4000 r-xp 00000000 fd:00 51262449   /usr/lib/gtk-2.0/modules/libpk-gtk-module.so
b74d4000-b74d5000 r--p 00002000 fd:00 51262449   /usr/lib/gtk-2.0/modules/libpk-gtk-module.so
b74d5000-b74d6000 rw-p 00003000 fd:00 51262449   /usr/lib/gtk-2.0/modules/libpk-gtk-module.so
b74d6000-b7504000 r-xp 00000000 fd:00 52172191   /usr/lib/gtk-2.0/2.10.0/engines/libclearlooks.so
b7504000-b7505000 rw-p 0002d000 fd:00 52172191   /usr/lib/gtk-2.0/2.10.0/engines/libclearlooks.so
b7505000-b753a000 r--s 00000000 fd:00 42598492   /var/db/nscd/passwd
b753a000-b773a000 r--p 00000000 fd:00 48759525   /usr/lib/locale/locale-archive
b773a000-b773c000 rw-p 00000000 00:00 0 
b773c000-b773d000 r--s 00000000 fd:00 42601547   /var/cache/fontconfig/47f48679023f44a4d1e44699a69464f6-le32d4.cache-3
b773d000-b773f000 r--s 0000a000 fd:00 20318181   /export/home/joshis1/Foxtel/eclipse/plugins/org.eclipse.equinox.launcher_1.1.0.v20100507.jar
b773f000-b7742000 r--s 0000f000 fd:00 55970268   /usr/lib/jvm/java-1.7.0-openjdk-1.7.0.9/jre/lib/ext/pulse-java.jar
b7742000-b7743000 rw-p 00000000 00:00 0 
b7743000-b774e000 r-xp 00000000 fd:00 55970578   /usr/lib/jvm/java-1.7.0-openjdk-1.7.0.9/jre/lib/i386/libverify.so
b774e000-b774f000 rw-p 0000b000 fd:00 55970578   /usr/lib/jvm/java-1.7.0-openjdk-1.7.0.9/jre/lib/i386/libverify.so
b774f000-b7752000 r-xp 00000000 fd:00 49155710   /usr/lib/gdk-pixbuf-2.0/2.10.0/loaders/libpixbufloader-bmp.so
b7752000-b7753000 r--p 00002000 fd:00 49155710   /usr/lib/gdk-pixbuf-2.0/2.10.0/loaders/libpixbufloader-bmp.so
b7753000-b7754000 rw-p 00003000 fd:00 49155710   /usr/lib/gdk-pixbuf-2.0/2.10.0/loaders/libpixbufloader-bmp.so
b7754000-b7755000 r--p 00000000 00:00 0 
b7755000-b775a000 r-xp 00000000 fd:00 51262269   /usr/lib/gtk-2.0/modules/libcanberra-gtk-module.so
b775a000-b775b000 r--p 00004000 fd:00 51262269   /usr/lib/gtk-2.0/modules/libcanberra-gtk-module.so
b775b000-b775c000 rw-p 00005000 fd:00 51262269   /usr/lib/gtk-2.0/modules/libcanberra-gtk-module.so
b775c000-b7768000 r-xp 00000000 fd:00 20318209   /export/home/joshis1/Foxtel/eclipse/plugins/org.eclipse.equinox.launcher.gtk.linux.x86_1.1.1.R36x_v20100810/eclipse_1309.so
b7768000-b7769000 rw-p 0000c000 fd:00 20318209   /export/home/joshis1/Foxtel/eclipse/plugins/org.eclipse.equinox.launcher.gtk.linux.x86_1.1.1.R36x_v20100810/eclipse_1309.so
b7769000-b776a000 rw-p 00000000 00:00 0 
b776a000-b776b000 r-xp 00000000 00:00 0          [vdso]
bfa4e000-bfa51000 ---p 00000000 00:00 0 
bfa52000-bfa9e000 rw-p 00000000 00:00 0          [stack]

VM Arguments:
jvm_args: -Xmx512M -XX:MaxPermSize=256m 
java_command: <unknown>
Launcher Type: generic

Environment Variables:
PATH=/usr/lib/qt-3.3/bin:/usr/lib/ccache:/usr/local/bin:/usr/bin:/bin:/usr/games:/usr/local/sbin:/usr/sbin:/sbin:/home/heb-cvsbin:/export/home/joshis1/phabricator/arcanist/bin:/home2/joshis1/bin:/export/home/joshis1/phabricator/arcanist/bin:/home/heb-cvsbin:/export/home/joshis1/phabricator/arcanist/bin
LD_LIBRARY_PATH=/usr/lib/jvm/java-1.7.0-openjdk-1.7.0.9/jre/lib/i386/client:/usr/lib/jvm/java-1.7.0-openjdk-1.7.0.9/jre/lib/i386:/usr/lib/xulrunner-last:/usr/lib/xulrunner-last
SHELL=/bin/bash
DISPLAY=:0.0

Signal Handlers:
SIGSEGV: [libjvm.so+0x46cac0], sa_mask[0]=0x7ffbfeff, sa_flags=0x10000004
SIGBUS: [libjvm.so+0x46cac0], sa_mask[0]=0x7ffbfeff, sa_flags=0x10000004
SIGFPE: [libjvm.so+0x375d80], sa_mask[0]=0x7ffbfeff, sa_flags=0x10000004
SIGPIPE: SIG_IGN, sa_mask[0]=0x00000000, sa_flags=0x00000000
SIGXFSZ: [libjvm.so+0x375d80], sa_mask[0]=0x7ffbfeff, sa_flags=0x10000004
SIGILL: [libjvm.so+0x375d80], sa_mask[0]=0x7ffbfeff, sa_flags=0x10000004
SIGUSR1: SIG_DFL, sa_mask[0]=0x00000000, sa_flags=0x00000000
SIGUSR2: [libjvm.so+0x375c10], sa_mask[0]=0x00000000, sa_flags=0x10000004
SIGHUP: [libjvm.so+0x3761d0], sa_mask[0]=0x7ffbfeff, sa_flags=0x10000004
SIGINT: [libjvm.so+0x3761d0], sa_mask[0]=0x7ffbfeff, sa_flags=0x10000004
SIGTERM: [libjvm.so+0x3761d0], sa_mask[0]=0x7ffbfeff, sa_flags=0x10000004
SIGQUIT: [libjvm.so+0x3761d0], sa_mask[0]=0x7ffbfeff, sa_flags=0x10000004


---------------  S Y S T E M  ---------------

OS:Fedora release 16 (Verne)

uname:Linux 3.6.11-4.fc16.i686 #1 SMP Tue Jan 8 21:23:31 UTC 2013 i686
libc:glibc 2.14.90 NPTL 2.14.90 
rlimit: STACK 8192k, CORE 0k, NPROC 1024, NOFILE 4096, AS infinity
load average:0.23 0.40 0.28

/proc/meminfo:
MemTotal:        3609916 kB
MemFree:          268760 kB
Buffers:          580836 kB
Cached:          1490024 kB
SwapCached:        17928 kB
Active:          1749476 kB
Inactive:        1248856 kB
Active(anon):     507104 kB
Inactive(anon):   424616 kB
Active(file):    1242372 kB
Inactive(file):   824240 kB
Unevictable:           0 kB
Mlocked:               0 kB
HighTotal:       2751436 kB
HighFree:         200156 kB
LowTotal:         858480 kB
LowFree:           68604 kB
SwapTotal:       1048572 kB
SwapFree:         946156 kB
Dirty:               504 kB
Writeback:            16 kB
AnonPages:        916172 kB
Mapped:           152088 kB
Shmem:              4044 kB
Slab:             151312 kB
SReclaimable:     122380 kB
SUnreclaim:        28932 kB
KernelStack:        4256 kB
PageTables:         9688 kB
NFS_Unstable:          0 kB
Bounce:                0 kB
WritebackTmp:          0 kB
CommitLimit:     2853528 kB
Committed_AS:    2980984 kB
VmallocTotal:     122880 kB
VmallocUsed:       44456 kB
VmallocChunk:      77888 kB
HardwareCorrupted:     0 kB
AnonHugePages:    225280 kB
HugePages_Total:       0
HugePages_Free:        0
HugePages_Rsvd:        0
HugePages_Surp:        0
Hugepagesize:       4096 kB
DirectMap4k:       12280 kB
DirectMap4M:      892928 kB


CPU:total 8 (4 cores per cpu, 2 threads per core) family 6 model 58 stepping 9, cmov, cx8, fxsr, mmx, sse, sse2, sse3, ssse3, sse4.1, sse4.2, popcnt, avx, ht, tsc, tscinvbit, tscinv

/proc/cpuinfo:
processor	: 0
vendor_id	: GenuineIntel
cpu family	: 6
model		: 58
model name	: Intel(R) Core(TM) i7-3770 CPU @ 3.40GHz
stepping	: 9
microcode	: 0x16
cpu MHz		: 3401.000
cache size	: 8192 KB
physical id	: 0
siblings	: 8
core id		: 0
cpu cores	: 4
apicid		: 0
initial apicid	: 0
fdiv_bug	: no
hlt_bug		: no
f00f_bug	: no
coma_bug	: no
fpu		: yes
fpu_exception	: yes
cpuid level	: 13
wp		: yes
flags		: fpu vme de pse tsc msr pae mce cx8 apic sep mtrr pge mca cmov pat pse36 clflush dts acpi mmx fxsr sse sse2 ss ht tm pbe nx rdtscp lm constant_tsc arch_perfmon pebs bts xtopology nonstop_tsc aperfmperf pni pclmulqdq dtes64 monitor ds_cpl vmx smx est tm2 ssse3 cx16 xtpr pdcm pcid sse4_1 sse4_2 x2apic popcnt tsc_deadline_timer aes xsave avx f16c rdrand lahf_lm ida arat epb xsaveopt pln pts dtherm tpr_shadow vnmi flexpriority ept vpid fsgsbase smep erms
bogomips	: 6784.45
clflush size	: 64
cache_alignment	: 64
address sizes	: 36 bits physical, 48 bits virtual
power management:

processor	: 1
vendor_id	: GenuineIntel
cpu family	: 6
model		: 58
model name	: Intel(R) Core(TM) i7-3770 CPU @ 3.40GHz
stepping	: 9
microcode	: 0x16
cpu MHz		: 1600.000
cache size	: 8192 KB
physical id	: 0
siblings	: 8
core id		: 1
cpu cores	: 4
apicid		: 2
initial apicid	: 2
fdiv_bug	: no
hlt_bug		: no
f00f_bug	: no
coma_bug	: no
fpu		: yes
fpu_exception	: yes
cpuid level	: 13
wp		: yes
flags		: fpu vme de pse tsc msr pae mce cx8 apic sep mtrr pge mca cmov pat pse36 clflush dts acpi mmx fxsr sse sse2 ss ht tm pbe nx rdtscp lm constant_tsc arch_perfmon pebs bts xtopology nonstop_tsc aperfmperf pni pclmulqdq dtes64 monitor ds_cpl vmx smx est tm2 ssse3 cx16 xtpr pdcm pcid sse4_1 sse4_2 x2apic popcnt tsc_deadline_timer aes xsave avx f16c rdrand lahf_lm ida arat epb xsaveopt pln pts dtherm tpr_shadow vnmi flexpriority ept vpid fsgsbase smep erms
bogomips	: 6784.45
clflush size	: 64
cache_alignment	: 64
address sizes	: 36 bits physical, 48 bits virtual
power management:

processor	: 2
vendor_id	: GenuineIntel
cpu family	: 6
model		: 58
model name	: Intel(R) Core(TM) i7-3770 CPU @ 3.40GHz
stepping	: 9
microcode	: 0x16
cpu MHz		: 1600.000
cache size	: 8192 KB
physical id	: 0
siblings	: 8
core id		: 2
cpu cores	: 4
apicid		: 4
initial apicid	: 4
fdiv_bug	: no
hlt_bug		: no
f00f_bug	: no
coma_bug	: no
fpu		: yes
fpu_exception	: yes
cpuid level	: 13
wp		: yes
flags		: fpu vme de pse tsc msr pae mce cx8 apic sep mtrr pge mca cmov pat pse36 clflush dts acpi mmx fxsr sse sse2 ss ht tm pbe nx rdtscp lm constant_tsc arch_perfmon pebs bts xtopology nonstop_tsc aperfmperf pni pclmulqdq dtes64 monitor ds_cpl vmx smx est tm2 ssse3 cx16 xtpr pdcm pcid sse4_1 sse4_2 x2apic popcnt tsc_deadline_timer aes xsave avx f16c rdrand lahf_lm ida arat epb xsaveopt pln pts dtherm tpr_shadow vnmi flexpriority ept vpid fsgsbase smep erms
bogomips	: 6784.45
clflush size	: 64
cache_alignment	: 64
address sizes	: 36 bits physical, 48 bits virtual
power management:

processor	: 3
vendor_id	: GenuineIntel
cpu family	: 6
model		: 58
model name	: Intel(R) Core(TM) i7-3770 CPU @ 3.40GHz
stepping	: 9
microcode	: 0x16
cpu MHz		: 1600.000
cache size	: 8192 KB
physical id	: 0
siblings	: 8
core id		: 3
cpu cores	: 4
apicid		: 6
initial apicid	: 6
fdiv_bug	: no
hlt_bug		: no
f00f_bug	: no
coma_bug	: no
fpu		: yes
fpu_exception	: yes
cpuid level	: 13
wp		: yes
flags		: fpu vme de pse tsc msr pae mce cx8 apic sep mtrr pge mca cmov pat pse36 clflush dts acpi mmx fxsr sse sse2 ss ht tm pbe nx rdtscp lm constant_tsc arch_perfmon pebs bts xtopology nonstop_tsc aperfmperf pni pclmulqdq dtes64 monitor ds_cpl vmx smx est tm2 ssse3 cx16 xtpr pdcm pcid sse4_1 sse4_2 x2apic popcnt tsc_deadline_timer aes xsave avx f16c rdrand lahf_lm ida arat epb xsaveopt pln pts dtherm tpr_shadow vnmi flexpriority ept vpid fsgsbase smep erms
bogomips	: 6784.45
clflush size	: 64
cache_alignment	: 64
address sizes	: 36 bits physical, 48 bits virtual
power management:

processor	: 4
vendor_id	: GenuineIntel
cpu family	: 6
model		: 58
model name	: Intel(R) Core(TM) i7-3770 CPU @ 3.40GHz
stepping	: 9
microcode	: 0x16
cpu MHz		: 1600.000
cache size	: 8192 KB
physical id	: 0
siblings	: 8
core id		: 0
cpu cores	: 4
apicid		: 1
initial apicid	: 1
fdiv_bug	: no
hlt_bug		: no
f00f_bug	: no
coma_bug	: no
fpu		: yes
fpu_exception	: yes
cpuid level	: 13
wp		: yes
flags		: fpu vme de pse tsc msr pae mce cx8 apic sep mtrr pge mca cmov pat pse36 clflush dts acpi mmx fxsr sse sse2 ss ht tm pbe nx rdtscp lm constant_tsc arch_perfmon pebs bts xtopology nonstop_tsc aperfmperf pni pclmulqdq dtes64 monitor ds_cpl vmx smx est tm2 ssse3 cx16 xtpr pdcm pcid sse4_1 sse4_2 x2apic popcnt tsc_deadline_timer aes xsave avx f16c rdrand lahf_lm ida arat epb xsaveopt pln pts dtherm tpr_shadow vnmi flexpriority ept vpid fsgsbase smep erms
bogomips	: 6784.45
clflush size	: 64
cache_alignment	: 64
address sizes	: 36 bits physical, 48 bits virtual
power management:

processor	: 5
vendor_id	: GenuineIntel
cpu family	: 6
model		: 58
model name	: Intel(R) Core(TM) i7-3770 CPU @ 3.40GHz
stepping	: 9
microcode	: 0x16
cpu MHz		: 1600.000
cache size	: 8192 KB
physical id	: 0
siblings	: 8
core id		: 1
cpu cores	: 4
apicid		: 3
initial apicid	: 3
fdiv_bug	: no
hlt_bug		: no
f00f_bug	: no
coma_bug	: no
fpu		: yes
fpu_exception	: yes
cpuid level	: 13
wp		: yes
flags		: fpu vme de pse tsc msr pae mce cx8 apic sep mtrr pge mca cmov pat pse36 clflush dts acpi mmx fxsr sse sse2 ss ht tm pbe nx rdtscp lm constant_tsc arch_perfmon pebs bts xtopology nonstop_tsc aperfmperf pni pclmulqdq dtes64 monitor ds_cpl vmx smx est tm2 ssse3 cx16 xtpr pdcm pcid sse4_1 sse4_2 x2apic popcnt tsc_deadline_timer aes xsave avx f16c rdrand lahf_lm ida arat epb xsaveopt pln pts dtherm tpr_shadow vnmi flexpriority ept vpid fsgsbase smep erms
bogomips	: 6784.45
clflush size	: 64
cache_alignment	: 64
address sizes	: 36 bits physical, 48 bits virtual
power management:

processor	: 6
vendor_id	: GenuineIntel
cpu family	: 6
model		: 58
model name	: Intel(R) Core(TM) i7-3770 CPU @ 3.40GHz
stepping	: 9
microcode	: 0x16
cpu MHz		: 1600.000
cache size	: 8192 KB
physical id	: 0
siblings	: 8
core id		: 2
cpu cores	: 4
apicid		: 5
initial apicid	: 5
fdiv_bug	: no
hlt_bug		: no
f00f_bug	: no
coma_bug	: no
fpu		: yes
fpu_exception	: yes
cpuid level	: 13
wp		: yes
flags		: fpu vme de pse tsc msr pae mce cx8 apic sep mtrr pge mca cmov pat pse36 clflush dts acpi mmx fxsr sse sse2 ss ht tm pbe nx rdtscp lm constant_tsc arch_perfmon pebs bts xtopology nonstop_tsc aperfmperf pni pclmulqdq dtes64 monitor ds_cpl vmx smx est tm2 ssse3 cx16 xtpr pdcm pcid sse4_1 sse4_2 x2apic popcnt tsc_deadline_timer aes xsave avx f16c rdrand lahf_lm ida arat epb xsaveopt pln pts dtherm tpr_shadow vnmi flexpriority ept vpid fsgsbase smep erms
bogomips	: 6784.45
clflush size	: 64
cache_alignment	: 64
address sizes	: 36 bits physical, 48 bits virtual
power management:

processor	: 7
vendor_id	: GenuineIntel
cpu family	: 6
model		: 58
model name	: Intel(R) Core(TM) i7-3770 CPU @ 3.40GHz
stepping	: 9
microcode	: 0x16
cpu MHz		: 1600.000
cache size	: 8192 KB
physical id	: 0
siblings	: 8
core id		: 3
cpu cores	: 4
apicid		: 7
initial apicid	: 7
fdiv_bug	: no
hlt_bug		: no
f00f_bug	: no
coma_bug	: no
fpu		: yes
fpu_exception	: yes
cpuid level	: 13
wp		: yes
flags		: fpu vme de pse tsc msr pae mce cx8 apic sep mtrr pge mca cmov pat pse36 clflush dts acpi mmx fxsr sse sse2 ss ht tm pbe nx rdtscp lm constant_tsc arch_perfmon pebs bts xtopology nonstop_tsc aperfmperf pni pclmulqdq dtes64 monitor ds_cpl vmx smx est tm2 ssse3 cx16 xtpr pdcm pcid sse4_1 sse4_2 x2apic popcnt tsc_deadline_timer aes xsave avx f16c rdrand lahf_lm ida arat epb xsaveopt pln pts dtherm tpr_shadow vnmi flexpriority ept vpid fsgsbase smep erms
bogomips	: 6784.45
clflush size	: 64
cache_alignment	: 64
address sizes	: 36 bits physical, 48 bits virtual
power management:



Memory: 4k page, physical 3609916k(268760k free), swap 1048572k(946156k free)

vm_info: OpenJDK Client VM (23.2-b09) for linux-x86 JRE (1.7.0_09-icedtea-mockbuild_2013_02_07_23_33-b00), built on Feb  7 2013 23:42:32 by "mockbuild" with gcc 4.6.3 20120306 (Red Hat 4.6.3-2)

time: Wed May 13 12:46:17 2015
elapsed time: 271 seconds

